20:33:11 INFO  : Launching XSCT server: xsct.bat -n  -interactive C:\Users\andrew_clinkenbeard1\Box\SOC\Vitis_Workspace_hw5\temp_xsdb_launch_script.tcl
20:33:12 INFO  : Registering command handlers for Vitis TCF services
20:33:12 INFO  : Platform repository initialization has completed.
20:33:16 INFO  : XSCT server has started successfully.
20:33:16 INFO  : plnx-install-location is set to ''
20:33:16 INFO  : Successfully done setting XSCT server connection channel  
20:33:16 INFO  : Successfully done query RDI_DATADIR 
20:33:16 INFO  : Successfully done setting workspace for the tool. 
20:33:52 INFO  : Result from executing command 'getProjects': hw_5
20:33:52 INFO  : Result from executing command 'getPlatforms': 
20:34:30 INFO  : Result from executing command 'getProjects': hw_5
20:34:30 INFO  : Result from executing command 'getPlatforms': hw_5|C:/Users/andrew_clinkenbeard1/Box/SOC/Vitis_Workspace_hw5/hw_5/export/hw_5/hw_5.xpfm
20:42:41 INFO  : Checking for BSP changes to sync application flags for project 'hw_5_app'...
20:48:09 INFO  : Checking for BSP changes to sync application flags for project 'hw_5_app'...
20:49:22 INFO  : Bit file 'C:/Users/andrew_clinkenbeard1/Box/SOC/Vitis_Workspace_hw5/hw_5_app/_ide/bitstream/download.bit' is generated.
20:49:25 INFO  : Connected to target on host '127.0.0.1' and port '3121'.
20:49:26 INFO  : 'targets -set -filter {jtag_cable_name =~ "Digilent Nexys4DDR 210292A4BA3FA" && level==0 && jtag_device_ctx=="jsn-Nexys4DDR-210292A4BA3FA-13631093-0"}' command is executed.
20:49:27 INFO  : Device configured successfully with "C:/Users/andrew_clinkenbeard1/Box/SOC/Vitis_Workspace_hw5/hw_5_app/_ide/bitstream/download.bit"
20:59:15 INFO  : Checking for BSP changes to sync application flags for project 'hw_5_app'...
21:00:34 INFO  : Checking for BSP changes to sync application flags for project 'hw_5_app'...
21:01:33 INFO  : Bit file 'C:/Users/andrew_clinkenbeard1/Box/SOC/Vitis_Workspace_hw5/hw_5_app/_ide/bitstream/download.bit' is generated.
21:01:33 INFO  : Connected to target on host '127.0.0.1' and port '3121'.
21:01:34 INFO  : 'targets -set -filter {jtag_cable_name =~ "Digilent Nexys4DDR 210292A4BA3FA" && level==0 && jtag_device_ctx=="jsn-Nexys4DDR-210292A4BA3FA-13631093-0"}' command is executed.
21:01:34 INFO  : Device configured successfully with "C:/Users/andrew_clinkenbeard1/Box/SOC/Vitis_Workspace_hw5/hw_5_app/_ide/bitstream/download.bit"
21:04:01 INFO  : Checking for BSP changes to sync application flags for project 'hw_5_app'...
21:04:55 INFO  : Bit file 'C:/Users/andrew_clinkenbeard1/Box/SOC/Vitis_Workspace_hw5/hw_5_app/_ide/bitstream/download.bit' is generated.
21:04:55 INFO  : Connected to target on host '127.0.0.1' and port '3121'.
21:04:56 INFO  : 'targets -set -filter {jtag_cable_name =~ "Digilent Nexys4DDR 210292A4BA3FA" && level==0 && jtag_device_ctx=="jsn-Nexys4DDR-210292A4BA3FA-13631093-0"}' command is executed.
21:04:56 INFO  : Device configured successfully with "C:/Users/andrew_clinkenbeard1/Box/SOC/Vitis_Workspace_hw5/hw_5_app/_ide/bitstream/download.bit"
21:35:41 INFO  : Checking for BSP changes to sync application flags for project 'hw_5_app'...
21:37:00 INFO  : Checking for BSP changes to sync application flags for project 'hw_5_app'...
21:37:56 INFO  : Checking for BSP changes to sync application flags for project 'hw_5_app'...
21:42:04 INFO  : Checking for BSP changes to sync application flags for project 'hw_5_app'...
21:42:14 INFO  : Checking for BSP changes to sync application flags for project 'hw_5_app'...
21:42:48 INFO  : Bit file 'C:/Users/andrew_clinkenbeard1/Box/SOC/Vitis_Workspace_hw5/hw_5_app/_ide/bitstream/download.bit' is generated.
21:42:48 INFO  : Connected to target on host '127.0.0.1' and port '3121'.
21:42:48 INFO  : 'targets -set -filter {jtag_cable_name =~ "Digilent Nexys4DDR 210292A4BA3FA" && level==0 && jtag_device_ctx=="jsn-Nexys4DDR-210292A4BA3FA-13631093-0"}' command is executed.
21:42:49 INFO  : Device configured successfully with "C:/Users/andrew_clinkenbeard1/Box/SOC/Vitis_Workspace_hw5/hw_5_app/_ide/bitstream/download.bit"
21:43:45 INFO  : Bit file 'C:/Users/andrew_clinkenbeard1/Box/SOC/Vitis_Workspace_hw5/hw_5_app/_ide/bitstream/download.bit' is generated.
21:43:45 INFO  : Connected to target on host '127.0.0.1' and port '3121'.
21:43:45 INFO  : 'targets -set -filter {jtag_cable_name =~ "Digilent Nexys4DDR 210292A4BA3FA" && level==0 && jtag_device_ctx=="jsn-Nexys4DDR-210292A4BA3FA-13631093-0"}' command is executed.
21:43:45 INFO  : Device configured successfully with "C:/Users/andrew_clinkenbeard1/Box/SOC/Vitis_Workspace_hw5/hw_5_app/_ide/bitstream/download.bit"
21:47:39 INFO  : Checking for BSP changes to sync application flags for project 'hw_5_app'...
21:49:12 INFO  : Bit file 'C:/Users/andrew_clinkenbeard1/Box/SOC/Vitis_Workspace_hw5/hw_5_app/_ide/bitstream/download.bit' is generated.
21:49:12 INFO  : Connected to target on host '127.0.0.1' and port '3121'.
21:49:12 INFO  : 'targets -set -filter {jtag_cable_name =~ "Digilent Nexys4DDR 210292A4BA3FA" && level==0 && jtag_device_ctx=="jsn-Nexys4DDR-210292A4BA3FA-13631093-0"}' command is executed.
21:49:13 INFO  : Device configured successfully with "C:/Users/andrew_clinkenbeard1/Box/SOC/Vitis_Workspace_hw5/hw_5_app/_ide/bitstream/download.bit"
21:51:11 INFO  : Checking for BSP changes to sync application flags for project 'hw_5_app'...
21:52:13 INFO  : Bit file 'C:/Users/andrew_clinkenbeard1/Box/SOC/Vitis_Workspace_hw5/hw_5_app/_ide/bitstream/download.bit' is generated.
21:52:13 INFO  : Connected to target on host '127.0.0.1' and port '3121'.
21:52:13 INFO  : 'targets -set -filter {jtag_cable_name =~ "Digilent Nexys4DDR 210292A4BA3FA" && level==0 && jtag_device_ctx=="jsn-Nexys4DDR-210292A4BA3FA-13631093-0"}' command is executed.
21:52:14 INFO  : Device configured successfully with "C:/Users/andrew_clinkenbeard1/Box/SOC/Vitis_Workspace_hw5/hw_5_app/_ide/bitstream/download.bit"
21:53:06 INFO  : Checking for BSP changes to sync application flags for project 'hw_5_app'...
21:53:47 INFO  : Bit file 'C:/Users/andrew_clinkenbeard1/Box/SOC/Vitis_Workspace_hw5/hw_5_app/_ide/bitstream/download.bit' is generated.
21:53:47 INFO  : Connected to target on host '127.0.0.1' and port '3121'.
21:53:47 INFO  : 'targets -set -filter {jtag_cable_name =~ "Digilent Nexys4DDR 210292A4BA3FA" && level==0 && jtag_device_ctx=="jsn-Nexys4DDR-210292A4BA3FA-13631093-0"}' command is executed.
21:53:48 INFO  : Device configured successfully with "C:/Users/andrew_clinkenbeard1/Box/SOC/Vitis_Workspace_hw5/hw_5_app/_ide/bitstream/download.bit"
22:00:35 INFO  : Checking for BSP changes to sync application flags for project 'hw_5_app'...
22:01:08 INFO  : Bit file 'C:/Users/andrew_clinkenbeard1/Box/SOC/Vitis_Workspace_hw5/hw_5_app/_ide/bitstream/download.bit' is generated.
22:01:08 INFO  : Connected to target on host '127.0.0.1' and port '3121'.
22:01:09 INFO  : 'targets -set -filter {jtag_cable_name =~ "Digilent Nexys4DDR 210292A4BA3FA" && level==0 && jtag_device_ctx=="jsn-Nexys4DDR-210292A4BA3FA-13631093-0"}' command is executed.
22:01:09 INFO  : Device configured successfully with "C:/Users/andrew_clinkenbeard1/Box/SOC/Vitis_Workspace_hw5/hw_5_app/_ide/bitstream/download.bit"
22:02:10 INFO  : Checking for BSP changes to sync application flags for project 'hw_5_app'...
22:02:42 INFO  : Bit file 'C:/Users/andrew_clinkenbeard1/Box/SOC/Vitis_Workspace_hw5/hw_5_app/_ide/bitstream/download.bit' is generated.
22:02:42 INFO  : Connected to target on host '127.0.0.1' and port '3121'.
22:02:42 INFO  : 'targets -set -filter {jtag_cable_name =~ "Digilent Nexys4DDR 210292A4BA3FA" && level==0 && jtag_device_ctx=="jsn-Nexys4DDR-210292A4BA3FA-13631093-0"}' command is executed.
22:02:43 INFO  : Device configured successfully with "C:/Users/andrew_clinkenbeard1/Box/SOC/Vitis_Workspace_hw5/hw_5_app/_ide/bitstream/download.bit"
22:07:49 INFO  : Checking for BSP changes to sync application flags for project 'hw_5_app'...
22:08:25 INFO  : Checking for BSP changes to sync application flags for project 'hw_5_app'...
22:11:33 INFO  : Checking for BSP changes to sync application flags for project 'hw_5_app'...
22:11:49 INFO  : Checking for BSP changes to sync application flags for project 'hw_5_app'...
22:13:07 INFO  : Checking for BSP changes to sync application flags for project 'hw_5_app'...
22:15:36 INFO  : Checking for BSP changes to sync application flags for project 'hw_5_app'...
22:16:12 INFO  : Checking for BSP changes to sync application flags for project 'hw_5_app'...
22:17:05 INFO  : Checking for BSP changes to sync application flags for project 'hw_5_app'...
22:17:40 INFO  : Bit file 'C:/Users/andrew_clinkenbeard1/Box/SOC/Vitis_Workspace_hw5/hw_5_app/_ide/bitstream/download.bit' is generated.
22:17:40 INFO  : Connected to target on host '127.0.0.1' and port '3121'.
22:19:01 INFO  : Bit file 'C:/Users/andrew_clinkenbeard1/Box/SOC/Vitis_Workspace_hw5/hw_5_app/_ide/bitstream/download.bit' is generated.
22:19:01 INFO  : Connected to target on host '127.0.0.1' and port '3121'.
22:19:01 INFO  : 'targets -set -filter {jtag_cable_name =~ "Digilent Nexys4DDR 210292A4BA3FA" && level==0 && jtag_device_ctx=="jsn-Nexys4DDR-210292A4BA3FA-13631093-0"}' command is executed.
22:19:01 INFO  : Device configured successfully with "C:/Users/andrew_clinkenbeard1/Box/SOC/Vitis_Workspace_hw5/hw_5_app/_ide/bitstream/download.bit"
22:20:03 INFO  : Checking for BSP changes to sync application flags for project 'hw_5_app'...
22:21:42 INFO  : Bit file 'C:/Users/andrew_clinkenbeard1/Box/SOC/Vitis_Workspace_hw5/hw_5_app/_ide/bitstream/download.bit' is generated.
22:21:42 INFO  : Connected to target on host '127.0.0.1' and port '3121'.
22:21:43 INFO  : 'targets -set -filter {jtag_cable_name =~ "Digilent Nexys4DDR 210292A4BA3FA" && level==0 && jtag_device_ctx=="jsn-Nexys4DDR-210292A4BA3FA-13631093-0"}' command is executed.
22:21:43 INFO  : Device configured successfully with "C:/Users/andrew_clinkenbeard1/Box/SOC/Vitis_Workspace_hw5/hw_5_app/_ide/bitstream/download.bit"
22:22:56 INFO  : Checking for BSP changes to sync application flags for project 'hw_5_app'...
22:23:27 INFO  : Bit file 'C:/Users/andrew_clinkenbeard1/Box/SOC/Vitis_Workspace_hw5/hw_5_app/_ide/bitstream/download.bit' is generated.
22:23:27 INFO  : Connected to target on host '127.0.0.1' and port '3121'.
22:23:27 INFO  : 'targets -set -filter {jtag_cable_name =~ "Digilent Nexys4DDR 210292A4BA3FA" && level==0 && jtag_device_ctx=="jsn-Nexys4DDR-210292A4BA3FA-13631093-0"}' command is executed.
22:23:28 INFO  : Device configured successfully with "C:/Users/andrew_clinkenbeard1/Box/SOC/Vitis_Workspace_hw5/hw_5_app/_ide/bitstream/download.bit"
22:24:15 INFO  : Checking for BSP changes to sync application flags for project 'hw_5_app'...
22:24:48 INFO  : Bit file 'C:/Users/andrew_clinkenbeard1/Box/SOC/Vitis_Workspace_hw5/hw_5_app/_ide/bitstream/download.bit' is generated.
22:24:48 INFO  : Connected to target on host '127.0.0.1' and port '3121'.
22:24:48 INFO  : 'targets -set -filter {jtag_cable_name =~ "Digilent Nexys4DDR 210292A4BA3FA" && level==0 && jtag_device_ctx=="jsn-Nexys4DDR-210292A4BA3FA-13631093-0"}' command is executed.
22:24:48 INFO  : Device configured successfully with "C:/Users/andrew_clinkenbeard1/Box/SOC/Vitis_Workspace_hw5/hw_5_app/_ide/bitstream/download.bit"
22:29:33 INFO  : Checking for BSP changes to sync application flags for project 'hw_5_app'...
22:34:34 INFO  : Checking for BSP changes to sync application flags for project 'hw_5_app'...
22:34:48 INFO  : Checking for BSP changes to sync application flags for project 'hw_5_app'...
22:35:20 INFO  : Bit file 'C:/Users/andrew_clinkenbeard1/Box/SOC/Vitis_Workspace_hw5/hw_5_app/_ide/bitstream/download.bit' is generated.
22:35:20 INFO  : Connected to target on host '127.0.0.1' and port '3121'.
22:35:21 INFO  : 'targets -set -filter {jtag_cable_name =~ "Digilent Nexys4DDR 210292A4BA3FA" && level==0 && jtag_device_ctx=="jsn-Nexys4DDR-210292A4BA3FA-13631093-0"}' command is executed.
22:35:21 INFO  : Device configured successfully with "C:/Users/andrew_clinkenbeard1/Box/SOC/Vitis_Workspace_hw5/hw_5_app/_ide/bitstream/download.bit"
22:43:16 INFO  : Checking for BSP changes to sync application flags for project 'hw_5_app'...
22:43:28 INFO  : Checking for BSP changes to sync application flags for project 'hw_5_app'...
22:43:58 INFO  : Bit file 'C:/Users/andrew_clinkenbeard1/Box/SOC/Vitis_Workspace_hw5/hw_5_app/_ide/bitstream/download.bit' is generated.
22:43:58 INFO  : Connected to target on host '127.0.0.1' and port '3121'.
22:43:58 INFO  : 'targets -set -filter {jtag_cable_name =~ "Digilent Nexys4DDR 210292A4BA3FA" && level==0 && jtag_device_ctx=="jsn-Nexys4DDR-210292A4BA3FA-13631093-0"}' command is executed.
22:43:59 INFO  : Device configured successfully with "C:/Users/andrew_clinkenbeard1/Box/SOC/Vitis_Workspace_hw5/hw_5_app/_ide/bitstream/download.bit"
22:44:32 INFO  : Checking for BSP changes to sync application flags for project 'hw_5_app'...
22:45:11 INFO  : Bit file 'C:/Users/andrew_clinkenbeard1/Box/SOC/Vitis_Workspace_hw5/hw_5_app/_ide/bitstream/download.bit' is generated.
22:45:11 INFO  : Connected to target on host '127.0.0.1' and port '3121'.
22:45:11 INFO  : 'targets -set -filter {jtag_cable_name =~ "Digilent Nexys4DDR 210292A4BA3FA" && level==0 && jtag_device_ctx=="jsn-Nexys4DDR-210292A4BA3FA-13631093-0"}' command is executed.
22:45:11 INFO  : Device configured successfully with "C:/Users/andrew_clinkenbeard1/Box/SOC/Vitis_Workspace_hw5/hw_5_app/_ide/bitstream/download.bit"
22:50:58 INFO  : Checking for BSP changes to sync application flags for project 'hw_5_app'...
22:51:10 INFO  : Checking for BSP changes to sync application flags for project 'hw_5_app'...
22:51:56 INFO  : Bit file 'C:/Users/andrew_clinkenbeard1/Box/SOC/Vitis_Workspace_hw5/hw_5_app/_ide/bitstream/download.bit' is generated.
22:51:56 INFO  : Connected to target on host '127.0.0.1' and port '3121'.
22:51:56 INFO  : 'targets -set -filter {jtag_cable_name =~ "Digilent Nexys4DDR 210292A4BA3FA" && level==0 && jtag_device_ctx=="jsn-Nexys4DDR-210292A4BA3FA-13631093-0"}' command is executed.
22:51:57 INFO  : Device configured successfully with "C:/Users/andrew_clinkenbeard1/Box/SOC/Vitis_Workspace_hw5/hw_5_app/_ide/bitstream/download.bit"
22:52:13 INFO  : Checking for BSP changes to sync application flags for project 'hw_5_app'...
22:52:54 INFO  : Bit file 'C:/Users/andrew_clinkenbeard1/Box/SOC/Vitis_Workspace_hw5/hw_5_app/_ide/bitstream/download.bit' is generated.
22:52:54 INFO  : Connected to target on host '127.0.0.1' and port '3121'.
22:52:55 INFO  : 'targets -set -filter {jtag_cable_name =~ "Digilent Nexys4DDR 210292A4BA3FA" && level==0 && jtag_device_ctx=="jsn-Nexys4DDR-210292A4BA3FA-13631093-0"}' command is executed.
22:52:55 INFO  : Device configured successfully with "C:/Users/andrew_clinkenbeard1/Box/SOC/Vitis_Workspace_hw5/hw_5_app/_ide/bitstream/download.bit"
23:00:39 INFO  : Checking for BSP changes to sync application flags for project 'hw_5_app'...
23:01:07 INFO  : Checking for BSP changes to sync application flags for project 'hw_5_app'...
23:01:40 INFO  : Checking for BSP changes to sync application flags for project 'hw_5_app'...
23:02:18 INFO  : Bit file 'C:/Users/andrew_clinkenbeard1/Box/SOC/Vitis_Workspace_hw5/hw_5_app/_ide/bitstream/download.bit' is generated.
23:02:18 INFO  : Connected to target on host '127.0.0.1' and port '3121'.
23:02:18 INFO  : 'targets -set -filter {jtag_cable_name =~ "Digilent Nexys4DDR 210292A4BA3FA" && level==0 && jtag_device_ctx=="jsn-Nexys4DDR-210292A4BA3FA-13631093-0"}' command is executed.
23:02:19 INFO  : Device configured successfully with "C:/Users/andrew_clinkenbeard1/Box/SOC/Vitis_Workspace_hw5/hw_5_app/_ide/bitstream/download.bit"
23:03:07 INFO  : Checking for BSP changes to sync application flags for project 'hw_5_app'...
23:03:35 INFO  : Bit file 'C:/Users/andrew_clinkenbeard1/Box/SOC/Vitis_Workspace_hw5/hw_5_app/_ide/bitstream/download.bit' is generated.
23:03:35 INFO  : Connected to target on host '127.0.0.1' and port '3121'.
23:03:35 INFO  : 'targets -set -filter {jtag_cable_name =~ "Digilent Nexys4DDR 210292A4BA3FA" && level==0 && jtag_device_ctx=="jsn-Nexys4DDR-210292A4BA3FA-13631093-0"}' command is executed.
23:03:36 INFO  : Device configured successfully with "C:/Users/andrew_clinkenbeard1/Box/SOC/Vitis_Workspace_hw5/hw_5_app/_ide/bitstream/download.bit"
23:04:37 INFO  : Bit file 'C:/Users/andrew_clinkenbeard1/Box/SOC/Vitis_Workspace_hw5/hw_5_app/_ide/bitstream/download.bit' is generated.
23:04:37 INFO  : Connected to target on host '127.0.0.1' and port '3121'.
23:04:37 INFO  : 'targets -set -filter {jtag_cable_name =~ "Digilent Nexys4DDR 210292A4BA3FA" && level==0 && jtag_device_ctx=="jsn-Nexys4DDR-210292A4BA3FA-13631093-0"}' command is executed.
23:04:38 INFO  : Device configured successfully with "C:/Users/andrew_clinkenbeard1/Box/SOC/Vitis_Workspace_hw5/hw_5_app/_ide/bitstream/download.bit"
