TRACE::2021-12-04.20:33:34::SCWPlatform::Trying to open the hw design at C:/Users/andrew_clinkenbeard1/Box/SOC/Vitis_Workspace_hw5/hw_5/hw/temp_xsa.xsa
TRACE::2021-12-04.20:33:34::SCWPlatform::DSA given C:/Users/andrew_clinkenbeard1/Box/SOC/Vitis_Workspace_hw5/hw_5/hw/temp_xsa.xsa
TRACE::2021-12-04.20:33:34::SCWPlatform::DSA absoulate path C:/Users/andrew_clinkenbeard1/Box/SOC/Vitis_Workspace_hw5/hw_5/hw/temp_xsa.xsa
TRACE::2021-12-04.20:33:34::SCWPlatform::DSA directory C:/Users/andrew_clinkenbeard1/Box/SOC/Vitis_Workspace_hw5/hw_5/hw
TRACE::2021-12-04.20:33:34::SCWPlatform:: Platform Path C:/Users/andrew_clinkenbeard1/Box/SOC/Vitis_Workspace_hw5/hw_5/hw/temp_xsa.xsa
TRACE::2021-12-04.20:33:34::SCWPlatform:: Unique name xilinx:nexys4_ddr::0.0
TRACE::2021-12-04.20:33:34::SCWPlatform::Do not have an existing db opened. 
TRACE::2021-12-04.20:33:35::SCWPlatform::Opened new HwDB with name mcs_top_vanilla_0
TRACE::2021-12-04.20:33:35::SCWWriter::formatted JSON is {
	"platformName":	"hw_5",
	"sprVersion":	"2.0",
	"mode":	"gui",
	"dsaType":	"Fixed",
	"platformDesc":	"hw_5",
	"platHandOff":	"C:/Users/andrew_clinkenbeard1/Box/SOC/Basic_FPro2/temp_xsa.xsa",
	"platIntHandOff":	"<platformDir>/hw/temp_xsa.xsa",
	"deviceType":	"FPGA",
	"platIsPrebuiltAutogen":	"false",
	"platIsNoBootBsp":	"false",
	"hasFsblMakeHasChanges":	"false",
	"hasPmufwMakeHasChanges":	"false",
	"platPreBuiltFlag":	false,
	"platformSamplesDir":	""
}
TRACE::2021-12-04.20:33:35::SCWWriter::formatted JSON is {
	"platformName":	"hw_5",
	"sprVersion":	"2.0",
	"mode":	"gui",
	"dsaType":	"Fixed",
	"platformDesc":	"hw_5",
	"platHandOff":	"C:/Users/andrew_clinkenbeard1/Box/SOC/Basic_FPro2/temp_xsa.xsa",
	"platIntHandOff":	"<platformDir>/hw/temp_xsa.xsa",
	"deviceType":	"FPGA",
	"platIsPrebuiltAutogen":	"false",
	"platIsNoBootBsp":	"false",
	"hasFsblMakeHasChanges":	"false",
	"hasPmufwMakeHasChanges":	"false",
	"platPreBuiltFlag":	false,
	"platformSamplesDir":	"",
	"platActiveSys":	"hw_5",
	"systems":	[{
			"systemName":	"hw_5",
			"systemDesc":	"hw_5",
			"sysIsBootAutoGen":	"true",
			"systemDispName":	"hw_5"
		}]
}
TRACE::2021-12-04.20:33:35::SCWPlatform::Boot application domains not present, creating them
TRACE::2021-12-04.20:33:35::SCWPlatform::Pure FPGA device, no boot application will be created.
TRACE::2021-12-04.20:33:35::SCWWriter::formatted JSON is {
	"platformName":	"hw_5",
	"sprVersion":	"2.0",
	"mode":	"gui",
	"dsaType":	"Fixed",
	"platformDesc":	"hw_5",
	"platHandOff":	"C:/Users/andrew_clinkenbeard1/Box/SOC/Basic_FPro2/temp_xsa.xsa",
	"platIntHandOff":	"<platformDir>/hw/temp_xsa.xsa",
	"deviceType":	"FPGA",
	"platIsPrebuiltAutogen":	"false",
	"platIsNoBootBsp":	"false",
	"hasFsblMakeHasChanges":	"false",
	"hasPmufwMakeHasChanges":	"false",
	"platPreBuiltFlag":	false,
	"platformSamplesDir":	"",
	"platActiveSys":	"hw_5",
	"systems":	[{
			"systemName":	"hw_5",
			"systemDesc":	"hw_5",
			"sysIsBootAutoGen":	"true",
			"systemDispName":	"hw_5"
		}]
}
TRACE::2021-12-04.20:33:35::SCWPlatform::Trying to open the hw design at C:/Users/andrew_clinkenbeard1/Box/SOC/Vitis_Workspace_hw5/hw_5/hw/temp_xsa.xsa
TRACE::2021-12-04.20:33:35::SCWPlatform::DSA given C:/Users/andrew_clinkenbeard1/Box/SOC/Vitis_Workspace_hw5/hw_5/hw/temp_xsa.xsa
TRACE::2021-12-04.20:33:35::SCWPlatform::DSA absoulate path C:/Users/andrew_clinkenbeard1/Box/SOC/Vitis_Workspace_hw5/hw_5/hw/temp_xsa.xsa
TRACE::2021-12-04.20:33:35::SCWPlatform::DSA directory C:/Users/andrew_clinkenbeard1/Box/SOC/Vitis_Workspace_hw5/hw_5/hw
TRACE::2021-12-04.20:33:35::SCWPlatform:: Platform Path C:/Users/andrew_clinkenbeard1/Box/SOC/Vitis_Workspace_hw5/hw_5/hw/temp_xsa.xsa
TRACE::2021-12-04.20:33:35::SCWPlatform:: Unique name xilinx:nexys4_ddr::0.0
TRACE::2021-12-04.20:33:35::SCWPlatform::Trying to set the existing hwdb with name mcs_top_vanilla_0
TRACE::2021-12-04.20:33:35::SCWPlatform::Opened existing hwdb mcs_top_vanilla_0
TRACE::2021-12-04.20:33:35::SCWPlatform::Found the Hw Db part of the input DSA
TRACE::2021-12-04.20:33:35::SCWPlatform::Trying to open the hw design at C:/Users/andrew_clinkenbeard1/Box/SOC/Vitis_Workspace_hw5/hw_5/hw/temp_xsa.xsa
TRACE::2021-12-04.20:33:35::SCWPlatform::DSA given C:/Users/andrew_clinkenbeard1/Box/SOC/Vitis_Workspace_hw5/hw_5/hw/temp_xsa.xsa
TRACE::2021-12-04.20:33:35::SCWPlatform::DSA absoulate path C:/Users/andrew_clinkenbeard1/Box/SOC/Vitis_Workspace_hw5/hw_5/hw/temp_xsa.xsa
TRACE::2021-12-04.20:33:35::SCWPlatform::DSA directory C:/Users/andrew_clinkenbeard1/Box/SOC/Vitis_Workspace_hw5/hw_5/hw
TRACE::2021-12-04.20:33:35::SCWPlatform:: Platform Path C:/Users/andrew_clinkenbeard1/Box/SOC/Vitis_Workspace_hw5/hw_5/hw/temp_xsa.xsa
TRACE::2021-12-04.20:33:35::SCWPlatform:: Unique name xilinx:nexys4_ddr::0.0
TRACE::2021-12-04.20:33:35::SCWPlatform::Trying to set the existing hwdb with name mcs_top_vanilla_0
TRACE::2021-12-04.20:33:35::SCWPlatform::Opened existing hwdb mcs_top_vanilla_0
TRACE::2021-12-04.20:33:35::SCWPlatform::Found the Hw Db part of the input DSA
TRACE::2021-12-04.20:33:35::SCWPlatform::Trying to open the hw design at C:/Users/andrew_clinkenbeard1/Box/SOC/Vitis_Workspace_hw5/hw_5/hw/temp_xsa.xsa
TRACE::2021-12-04.20:33:35::SCWPlatform::DSA given C:/Users/andrew_clinkenbeard1/Box/SOC/Vitis_Workspace_hw5/hw_5/hw/temp_xsa.xsa
TRACE::2021-12-04.20:33:35::SCWPlatform::DSA absoulate path C:/Users/andrew_clinkenbeard1/Box/SOC/Vitis_Workspace_hw5/hw_5/hw/temp_xsa.xsa
TRACE::2021-12-04.20:33:35::SCWPlatform::DSA directory C:/Users/andrew_clinkenbeard1/Box/SOC/Vitis_Workspace_hw5/hw_5/hw
TRACE::2021-12-04.20:33:35::SCWPlatform:: Platform Path C:/Users/andrew_clinkenbeard1/Box/SOC/Vitis_Workspace_hw5/hw_5/hw/temp_xsa.xsa
TRACE::2021-12-04.20:33:35::SCWPlatform:: Unique name xilinx:nexys4_ddr::0.0
TRACE::2021-12-04.20:33:35::SCWPlatform::Trying to set the existing hwdb with name mcs_top_vanilla_0
TRACE::2021-12-04.20:33:35::SCWPlatform::Opened existing hwdb mcs_top_vanilla_0
TRACE::2021-12-04.20:33:35::SCWPlatform::Found the Hw Db part of the input DSA
TRACE::2021-12-04.20:33:35::SCWDomain::checking for install qemu data   : 
TRACE::2021-12-04.20:33:35::SCWPlatform::Trying to open the hw design at C:/Users/andrew_clinkenbeard1/Box/SOC/Vitis_Workspace_hw5/hw_5/hw/temp_xsa.xsa
TRACE::2021-12-04.20:33:35::SCWPlatform::DSA given C:/Users/andrew_clinkenbeard1/Box/SOC/Vitis_Workspace_hw5/hw_5/hw/temp_xsa.xsa
TRACE::2021-12-04.20:33:35::SCWPlatform::DSA absoulate path C:/Users/andrew_clinkenbeard1/Box/SOC/Vitis_Workspace_hw5/hw_5/hw/temp_xsa.xsa
TRACE::2021-12-04.20:33:35::SCWPlatform::DSA directory C:/Users/andrew_clinkenbeard1/Box/SOC/Vitis_Workspace_hw5/hw_5/hw
TRACE::2021-12-04.20:33:35::SCWPlatform:: Platform Path C:/Users/andrew_clinkenbeard1/Box/SOC/Vitis_Workspace_hw5/hw_5/hw/temp_xsa.xsa
TRACE::2021-12-04.20:33:35::SCWPlatform:: Unique name xilinx:nexys4_ddr::0.0
TRACE::2021-12-04.20:33:35::SCWPlatform::Trying to set the existing hwdb with name mcs_top_vanilla_0
TRACE::2021-12-04.20:33:35::SCWPlatform::Opened existing hwdb mcs_top_vanilla_0
TRACE::2021-12-04.20:33:35::SCWPlatform::Found the Hw Db part of the input DSA
TRACE::2021-12-04.20:33:35::SCWPlatform::Trying to open the hw design at C:/Users/andrew_clinkenbeard1/Box/SOC/Vitis_Workspace_hw5/hw_5/hw/temp_xsa.xsa
TRACE::2021-12-04.20:33:35::SCWPlatform::DSA given C:/Users/andrew_clinkenbeard1/Box/SOC/Vitis_Workspace_hw5/hw_5/hw/temp_xsa.xsa
TRACE::2021-12-04.20:33:35::SCWPlatform::DSA absoulate path C:/Users/andrew_clinkenbeard1/Box/SOC/Vitis_Workspace_hw5/hw_5/hw/temp_xsa.xsa
TRACE::2021-12-04.20:33:35::SCWPlatform::DSA directory C:/Users/andrew_clinkenbeard1/Box/SOC/Vitis_Workspace_hw5/hw_5/hw
TRACE::2021-12-04.20:33:35::SCWPlatform:: Platform Path C:/Users/andrew_clinkenbeard1/Box/SOC/Vitis_Workspace_hw5/hw_5/hw/temp_xsa.xsa
TRACE::2021-12-04.20:33:35::SCWPlatform:: Unique name xilinx:nexys4_ddr::0.0
TRACE::2021-12-04.20:33:35::SCWPlatform::Trying to set the existing hwdb with name mcs_top_vanilla_0
TRACE::2021-12-04.20:33:35::SCWPlatform::Opened existing hwdb mcs_top_vanilla_0
TRACE::2021-12-04.20:33:35::SCWPlatform::Found the Hw Db part of the input DSA
TRACE::2021-12-04.20:33:35::SCWPlatform::Trying to open the hw design at C:/Users/andrew_clinkenbeard1/Box/SOC/Vitis_Workspace_hw5/hw_5/hw/temp_xsa.xsa
TRACE::2021-12-04.20:33:36::SCWPlatform::DSA given C:/Users/andrew_clinkenbeard1/Box/SOC/Vitis_Workspace_hw5/hw_5/hw/temp_xsa.xsa
TRACE::2021-12-04.20:33:36::SCWPlatform::DSA absoulate path C:/Users/andrew_clinkenbeard1/Box/SOC/Vitis_Workspace_hw5/hw_5/hw/temp_xsa.xsa
TRACE::2021-12-04.20:33:36::SCWPlatform::DSA directory C:/Users/andrew_clinkenbeard1/Box/SOC/Vitis_Workspace_hw5/hw_5/hw
TRACE::2021-12-04.20:33:36::SCWPlatform:: Platform Path C:/Users/andrew_clinkenbeard1/Box/SOC/Vitis_Workspace_hw5/hw_5/hw/temp_xsa.xsa
TRACE::2021-12-04.20:33:36::SCWPlatform:: Unique name xilinx:nexys4_ddr::0.0
TRACE::2021-12-04.20:33:36::SCWPlatform::Trying to set the existing hwdb with name mcs_top_vanilla_0
TRACE::2021-12-04.20:33:36::SCWPlatform::Opened existing hwdb mcs_top_vanilla_0
TRACE::2021-12-04.20:33:36::SCWPlatform::Found the Hw Db part of the input DSA
TRACE::2021-12-04.20:33:36::SCWMssOS::Checking the sw design at  C:/Users/andrew_clinkenbeard1/Box/SOC/Vitis_Workspace_hw5/hw_5/microblaze_I/standalone_domain/bsp/system.mss
TRACE::2021-12-04.20:33:36::SCWMssOS::DEBUG:  swdes dump  
TRACE::2021-12-04.20:33:36::SCWMssOS::No sw design opened at  C:/Users/andrew_clinkenbeard1/Box/SOC/Vitis_Workspace_hw5/hw_5/microblaze_I/standalone_domain/bsp/system.mss
TRACE::2021-12-04.20:33:36::SCWMssOS::mss does not exists at C:/Users/andrew_clinkenbeard1/Box/SOC/Vitis_Workspace_hw5/hw_5/microblaze_I/standalone_domain/bsp/system.mss
TRACE::2021-12-04.20:33:36::SCWMssOS::Creating sw design at  C:/Users/andrew_clinkenbeard1/Box/SOC/Vitis_Workspace_hw5/hw_5/microblaze_I/standalone_domain/bsp/system.mss
TRACE::2021-12-04.20:33:36::SCWMssOS::Adding the swdes entry, created swdb C:/Users/andrew_clinkenbeard1/Box/SOC/Vitis_Workspace_hw5/hw_5/microblaze_I/standalone_domain/bsp/system.mss with des name C:/Users/andrew_clinkenbeard1/Box/SOC/Vitis_Workspace_hw5/hw_5/microblaze_I/standalone_domain/bsp/system.mss
TRACE::2021-12-04.20:33:36::SCWMssOS::updating the scw layer changes to swdes at   C:/Users/andrew_clinkenbeard1/Box/SOC/Vitis_Workspace_hw5/hw_5/microblaze_I/standalone_domain/bsp/system.mss
TRACE::2021-12-04.20:33:36::SCWMssOS::Writing mss at C:/Users/andrew_clinkenbeard1/Box/SOC/Vitis_Workspace_hw5/hw_5/microblaze_I/standalone_domain/bsp/system.mss
TRACE::2021-12-04.20:33:36::SCWMssOS::Completed writing the mss file at C:/Users/andrew_clinkenbeard1/Box/SOC/Vitis_Workspace_hw5/hw_5/microblaze_I/standalone_domain/bsp
TRACE::2021-12-04.20:33:36::SCWMssOS::Picking up changes from newly written mss file into SCW Layer. 
TRACE::2021-12-04.20:33:36::SCWMssOS::Updated the changes from newly written mss file into SCW Layer. 
TRACE::2021-12-04.20:33:36::SCWMssOS::Completed writing the mss file at C:/Users/andrew_clinkenbeard1/Box/SOC/Vitis_Workspace_hw5/hw_5/microblaze_I/standalone_domain/bsp
TRACE::2021-12-04.20:33:36::SCWMssOS::Forcing BSP Sources regeneration.
TRACE::2021-12-04.20:33:50::SCWMssOS::Saving the mss changes C:/Users/andrew_clinkenbeard1/Box/SOC/Vitis_Workspace_hw5/hw_5/microblaze_I/standalone_domain/bsp/system.mss
TRACE::2021-12-04.20:33:50::SCWMssOS::Adding the swdes entry, mss present, able to open swdb C:/Users/andrew_clinkenbeard1/Box/SOC/Vitis_Workspace_hw5/hw_5/microblaze_I/standalone_domain/bsp/system.mss with des name system
TRACE::2021-12-04.20:33:50::SCWMssOS::Writing the mss file completed C:/Users/andrew_clinkenbeard1/Box/SOC/Vitis_Workspace_hw5/hw_5/microblaze_I/standalone_domain/bsp/system.mss
TRACE::2021-12-04.20:33:50::SCWMssOS::Commit changes completed.
TRACE::2021-12-04.20:33:50::SCWPlatform::Trying to open the hw design at C:/Users/andrew_clinkenbeard1/Box/SOC/Vitis_Workspace_hw5/hw_5/hw/temp_xsa.xsa
TRACE::2021-12-04.20:33:50::SCWPlatform::DSA given C:/Users/andrew_clinkenbeard1/Box/SOC/Vitis_Workspace_hw5/hw_5/hw/temp_xsa.xsa
TRACE::2021-12-04.20:33:50::SCWPlatform::DSA absoulate path C:/Users/andrew_clinkenbeard1/Box/SOC/Vitis_Workspace_hw5/hw_5/hw/temp_xsa.xsa
TRACE::2021-12-04.20:33:50::SCWPlatform::DSA directory C:/Users/andrew_clinkenbeard1/Box/SOC/Vitis_Workspace_hw5/hw_5/hw
TRACE::2021-12-04.20:33:50::SCWPlatform:: Platform Path C:/Users/andrew_clinkenbeard1/Box/SOC/Vitis_Workspace_hw5/hw_5/hw/temp_xsa.xsa
TRACE::2021-12-04.20:33:50::SCWPlatform:: Unique name xilinx:nexys4_ddr::0.0
TRACE::2021-12-04.20:33:50::SCWPlatform::Trying to set the existing hwdb with name mcs_top_vanilla_0
TRACE::2021-12-04.20:33:50::SCWPlatform::Opened existing hwdb mcs_top_vanilla_0
TRACE::2021-12-04.20:33:50::SCWPlatform::Found the Hw Db part of the input DSA
TRACE::2021-12-04.20:33:50::SCWMssOS::Checking the sw design at  C:/Users/andrew_clinkenbeard1/Box/SOC/Vitis_Workspace_hw5/hw_5/microblaze_I/standalone_domain/bsp/system.mss
TRACE::2021-12-04.20:33:50::SCWMssOS::DEBUG:  swdes dump  C:/Users/andrew_clinkenbeard1/Box/SOC/Vitis_Workspace_hw5/hw_5/microblaze_I/standalone_domain/bsp/system.mss|system||

TRACE::2021-12-04.20:33:50::SCWMssOS::Sw design exists and opened at  C:/Users/andrew_clinkenbeard1/Box/SOC/Vitis_Workspace_hw5/hw_5/microblaze_I/standalone_domain/bsp/system.mss
TRACE::2021-12-04.20:33:50::SCWPlatform::Trying to open the hw design at C:/Users/andrew_clinkenbeard1/Box/SOC/Vitis_Workspace_hw5/hw_5/hw/temp_xsa.xsa
TRACE::2021-12-04.20:33:50::SCWPlatform::DSA given C:/Users/andrew_clinkenbeard1/Box/SOC/Vitis_Workspace_hw5/hw_5/hw/temp_xsa.xsa
TRACE::2021-12-04.20:33:50::SCWPlatform::DSA absoulate path C:/Users/andrew_clinkenbeard1/Box/SOC/Vitis_Workspace_hw5/hw_5/hw/temp_xsa.xsa
TRACE::2021-12-04.20:33:50::SCWPlatform::DSA directory C:/Users/andrew_clinkenbeard1/Box/SOC/Vitis_Workspace_hw5/hw_5/hw
TRACE::2021-12-04.20:33:50::SCWPlatform:: Platform Path C:/Users/andrew_clinkenbeard1/Box/SOC/Vitis_Workspace_hw5/hw_5/hw/temp_xsa.xsa
TRACE::2021-12-04.20:33:50::SCWPlatform:: Unique name xilinx:nexys4_ddr::0.0
TRACE::2021-12-04.20:33:50::SCWPlatform::Trying to set the existing hwdb with name mcs_top_vanilla_0
TRACE::2021-12-04.20:33:50::SCWPlatform::Opened existing hwdb mcs_top_vanilla_0
TRACE::2021-12-04.20:33:50::SCWPlatform::Found the Hw Db part of the input DSA
TRACE::2021-12-04.20:33:50::SCWMssOS::Checking the sw design at  C:/Users/andrew_clinkenbeard1/Box/SOC/Vitis_Workspace_hw5/hw_5/microblaze_I/standalone_domain/bsp/system.mss
TRACE::2021-12-04.20:33:50::SCWMssOS::DEBUG:  swdes dump  C:/Users/andrew_clinkenbeard1/Box/SOC/Vitis_Workspace_hw5/hw_5/microblaze_I/standalone_domain/bsp/system.mss|system||

TRACE::2021-12-04.20:33:50::SCWMssOS::Sw design exists and opened at  C:/Users/andrew_clinkenbeard1/Box/SOC/Vitis_Workspace_hw5/hw_5/microblaze_I/standalone_domain/bsp/system.mss
TRACE::2021-12-04.20:33:50::SCWPlatform::Trying to open the hw design at C:/Users/andrew_clinkenbeard1/Box/SOC/Vitis_Workspace_hw5/hw_5/hw/temp_xsa.xsa
TRACE::2021-12-04.20:33:50::SCWPlatform::DSA given C:/Users/andrew_clinkenbeard1/Box/SOC/Vitis_Workspace_hw5/hw_5/hw/temp_xsa.xsa
TRACE::2021-12-04.20:33:50::SCWPlatform::DSA absoulate path C:/Users/andrew_clinkenbeard1/Box/SOC/Vitis_Workspace_hw5/hw_5/hw/temp_xsa.xsa
TRACE::2021-12-04.20:33:50::SCWPlatform::DSA directory C:/Users/andrew_clinkenbeard1/Box/SOC/Vitis_Workspace_hw5/hw_5/hw
TRACE::2021-12-04.20:33:50::SCWPlatform:: Platform Path C:/Users/andrew_clinkenbeard1/Box/SOC/Vitis_Workspace_hw5/hw_5/hw/temp_xsa.xsa
TRACE::2021-12-04.20:33:50::SCWPlatform:: Unique name xilinx:nexys4_ddr::0.0
TRACE::2021-12-04.20:33:50::SCWPlatform::Trying to set the existing hwdb with name mcs_top_vanilla_0
TRACE::2021-12-04.20:33:50::SCWPlatform::Opened existing hwdb mcs_top_vanilla_0
TRACE::2021-12-04.20:33:50::SCWPlatform::Found the Hw Db part of the input DSA
TRACE::2021-12-04.20:33:51::SCWMssOS::Checking the sw design at  C:/Users/andrew_clinkenbeard1/Box/SOC/Vitis_Workspace_hw5/hw_5/microblaze_I/standalone_domain/bsp/system.mss
TRACE::2021-12-04.20:33:51::SCWMssOS::DEBUG:  swdes dump  C:/Users/andrew_clinkenbeard1/Box/SOC/Vitis_Workspace_hw5/hw_5/microblaze_I/standalone_domain/bsp/system.mss|system||

TRACE::2021-12-04.20:33:51::SCWMssOS::Sw design exists and opened at  C:/Users/andrew_clinkenbeard1/Box/SOC/Vitis_Workspace_hw5/hw_5/microblaze_I/standalone_domain/bsp/system.mss
TRACE::2021-12-04.20:33:51::SCWWriter::formatted JSON is {
	"platformName":	"hw_5",
	"sprVersion":	"2.0",
	"mode":	"gui",
	"dsaType":	"Fixed",
	"platformDesc":	"hw_5",
	"platHandOff":	"C:/Users/andrew_clinkenbeard1/Box/SOC/Basic_FPro2/temp_xsa.xsa",
	"platIntHandOff":	"<platformDir>/hw/temp_xsa.xsa",
	"deviceType":	"FPGA",
	"platIsPrebuiltAutogen":	"false",
	"platIsNoBootBsp":	"false",
	"hasFsblMakeHasChanges":	"false",
	"hasPmufwMakeHasChanges":	"false",
	"platPreBuiltFlag":	false,
	"platformSamplesDir":	"",
	"platActiveSys":	"hw_5",
	"systems":	[{
			"systemName":	"hw_5",
			"systemDesc":	"hw_5",
			"sysIsBootAutoGen":	"true",
			"systemDispName":	"hw_5",
			"sysActiveDom":	"standalone_domain",
			"sysDefaultDom":	"standalone_domain",
			"domains":	[{
					"domainName":	"standalone_domain",
					"domainDispName":	"standalone_domain",
					"domainDesc":	"standalone_domain",
					"processors":	"microblaze_I",
					"os":	"standalone",
					"sdxOs":	"standalone",
					"debugEnable":	"False",
					"domRuntimes":	["cpp"],
					"swRepo":	"",
					"mssOsVer":	"7.5",
					"mssFile":	"",
					"md5Digest":	"eba555455e071421aede40df93d1ae8e",
					"compatibleApp":	"",
					"domType":	"mssDomain",
					"arch":	"32-bit",
					"appSettings":	{
						"appCompilerFlags":	"",
						"appLinkerFlags":	""
					},
					"addedLibs":	[],
					"libOptions":	{
						"libsContainingOptions":	[]
					},
					"prebuiltLibs":	{
						"prebuiltIncPath":	[],
						"prebuiltLibPath":	[]
					},
					"isolation":	{
					}
				}]
		}]
}
LOG::2021-12-04.20:33:51::SCWPlatform::Started generating the artifacts platform hw_5
TRACE::2021-12-04.20:33:51::SCWPlatform::Sanity checking of platform is completed
LOG::2021-12-04.20:33:51::SCWPlatform::Started generating the artifacts for system configuration hw_5
LOG::2021-12-04.20:33:51::SCWSystem::Checking the domain standalone_domain
LOG::2021-12-04.20:33:51::SCWSystem::Not a boot domain 
LOG::2021-12-04.20:33:51::SCWSystem::Started Processing the domain standalone_domain
TRACE::2021-12-04.20:33:51::SCWDomain::Generating domain artifcats
TRACE::2021-12-04.20:33:51::SCWMssOS::Generating standalone artifcats
TRACE::2021-12-04.20:33:51::SCWMssOS:: Copying the user libraries. 
TRACE::2021-12-04.20:33:51::SCWPlatform::Trying to open the hw design at C:/Users/andrew_clinkenbeard1/Box/SOC/Vitis_Workspace_hw5/hw_5/hw/temp_xsa.xsa
TRACE::2021-12-04.20:33:51::SCWPlatform::DSA given C:/Users/andrew_clinkenbeard1/Box/SOC/Vitis_Workspace_hw5/hw_5/hw/temp_xsa.xsa
TRACE::2021-12-04.20:33:51::SCWPlatform::DSA absoulate path C:/Users/andrew_clinkenbeard1/Box/SOC/Vitis_Workspace_hw5/hw_5/hw/temp_xsa.xsa
TRACE::2021-12-04.20:33:51::SCWPlatform::DSA directory C:/Users/andrew_clinkenbeard1/Box/SOC/Vitis_Workspace_hw5/hw_5/hw
TRACE::2021-12-04.20:33:51::SCWPlatform:: Platform Path C:/Users/andrew_clinkenbeard1/Box/SOC/Vitis_Workspace_hw5/hw_5/hw/temp_xsa.xsa
TRACE::2021-12-04.20:33:51::SCWPlatform:: Unique name xilinx:nexys4_ddr::0.0
TRACE::2021-12-04.20:33:51::SCWPlatform::Trying to set the existing hwdb with name mcs_top_vanilla_0
TRACE::2021-12-04.20:33:51::SCWPlatform::Opened existing hwdb mcs_top_vanilla_0
TRACE::2021-12-04.20:33:51::SCWPlatform::Found the Hw Db part of the input DSA
TRACE::2021-12-04.20:33:51::SCWMssOS::Checking the sw design at  C:/Users/andrew_clinkenbeard1/Box/SOC/Vitis_Workspace_hw5/hw_5/microblaze_I/standalone_domain/bsp/system.mss
TRACE::2021-12-04.20:33:51::SCWMssOS::DEBUG:  swdes dump  C:/Users/andrew_clinkenbeard1/Box/SOC/Vitis_Workspace_hw5/hw_5/microblaze_I/standalone_domain/bsp/system.mss|system||

TRACE::2021-12-04.20:33:51::SCWMssOS::Sw design exists and opened at  C:/Users/andrew_clinkenbeard1/Box/SOC/Vitis_Workspace_hw5/hw_5/microblaze_I/standalone_domain/bsp/system.mss
TRACE::2021-12-04.20:33:51::SCWMssOS::Completed writing the mss file at C:/Users/andrew_clinkenbeard1/Box/SOC/Vitis_Workspace_hw5/hw_5/microblaze_I/standalone_domain/bsp
TRACE::2021-12-04.20:33:51::SCWMssOS::Mss edits present, copying mssfile into export location C:/Users/andrew_clinkenbeard1/Box/SOC/Vitis_Workspace_hw5/hw_5/microblaze_I/standalone_domain/bsp/system.mss
TRACE::2021-12-04.20:33:51::SCWMssOS::bsp generated is upto date with the mss file. Skipping bsp generation.
TRACE::2021-12-04.20:33:51::SCWMssOS::BSP is already built. skipping the bsp build ... 
TRACE::2021-12-04.20:33:51::SCWDomain::Skipping the build for domain :  standalone_domain
TRACE::2021-12-04.20:33:51::SCWMssOS::skipping the bsp build ... 
TRACE::2021-12-04.20:33:51::SCWMssOS::Copying to export directory.
TRACE::2021-12-04.20:33:51::SCWMssOS:: Checking if to create the Supporting Applications
TRACE::2021-12-04.20:33:51::SCWMssOS:: No Linux domain exists, trying to generate FSBL 
LOG::2021-12-04.20:33:51::SCWSystem::Completed Processing the domain standalone_domain
LOG::2021-12-04.20:33:51::SCWSystem::Completed Processing the sysconfig hw_5
LOG::2021-12-04.20:33:51::SCWPlatform::Completed generating the artifacts for system configuration hw_5
TRACE::2021-12-04.20:33:51::SCWPlatform::Started preparing the platform 
TRACE::2021-12-04.20:33:51::SCWSystem::Writing the bif file for system config hw_5
TRACE::2021-12-04.20:33:51::SCWSystem::dir created 
TRACE::2021-12-04.20:33:52::SCWSystem::Writing the bif 
TRACE::2021-12-04.20:33:52::SCWPlatform::Started writing the spfm file 
TRACE::2021-12-04.20:33:52::SCWPlatform::Started writing the xpfm file 
TRACE::2021-12-04.20:33:52::SCWPlatform::Completed generating the platform
TRACE::2021-12-04.20:33:52::SCWMssOS::Saving the mss changes C:/Users/andrew_clinkenbeard1/Box/SOC/Vitis_Workspace_hw5/hw_5/microblaze_I/standalone_domain/bsp/system.mss
TRACE::2021-12-04.20:33:52::SCWMssOS::Found a swdesign opened with the mssfile.
TRACE::2021-12-04.20:33:52::SCWMssOS::Completed writemss as part of save.
TRACE::2021-12-04.20:33:52::SCWMssOS::Commit changes completed.
TRACE::2021-12-04.20:33:52::SCWPlatform::Trying to open the hw design at C:/Users/andrew_clinkenbeard1/Box/SOC/Vitis_Workspace_hw5/hw_5/hw/temp_xsa.xsa
TRACE::2021-12-04.20:33:52::SCWPlatform::DSA given C:/Users/andrew_clinkenbeard1/Box/SOC/Vitis_Workspace_hw5/hw_5/hw/temp_xsa.xsa
TRACE::2021-12-04.20:33:52::SCWPlatform::DSA absoulate path C:/Users/andrew_clinkenbeard1/Box/SOC/Vitis_Workspace_hw5/hw_5/hw/temp_xsa.xsa
TRACE::2021-12-04.20:33:52::SCWPlatform::DSA directory C:/Users/andrew_clinkenbeard1/Box/SOC/Vitis_Workspace_hw5/hw_5/hw
TRACE::2021-12-04.20:33:52::SCWPlatform:: Platform Path C:/Users/andrew_clinkenbeard1/Box/SOC/Vitis_Workspace_hw5/hw_5/hw/temp_xsa.xsa
TRACE::2021-12-04.20:33:52::SCWPlatform:: Unique name xilinx:nexys4_ddr::0.0
TRACE::2021-12-04.20:33:52::SCWPlatform::Trying to set the existing hwdb with name mcs_top_vanilla_0
TRACE::2021-12-04.20:33:52::SCWPlatform::Opened existing hwdb mcs_top_vanilla_0
TRACE::2021-12-04.20:33:52::SCWPlatform::Found the Hw Db part of the input DSA
TRACE::2021-12-04.20:33:52::SCWMssOS::Checking the sw design at  C:/Users/andrew_clinkenbeard1/Box/SOC/Vitis_Workspace_hw5/hw_5/microblaze_I/standalone_domain/bsp/system.mss
TRACE::2021-12-04.20:33:52::SCWMssOS::DEBUG:  swdes dump  C:/Users/andrew_clinkenbeard1/Box/SOC/Vitis_Workspace_hw5/hw_5/microblaze_I/standalone_domain/bsp/system.mss|system||

TRACE::2021-12-04.20:33:52::SCWMssOS::Sw design exists and opened at  C:/Users/andrew_clinkenbeard1/Box/SOC/Vitis_Workspace_hw5/hw_5/microblaze_I/standalone_domain/bsp/system.mss
TRACE::2021-12-04.20:33:52::SCWPlatform::Trying to open the hw design at C:/Users/andrew_clinkenbeard1/Box/SOC/Vitis_Workspace_hw5/hw_5/hw/temp_xsa.xsa
TRACE::2021-12-04.20:33:52::SCWPlatform::DSA given C:/Users/andrew_clinkenbeard1/Box/SOC/Vitis_Workspace_hw5/hw_5/hw/temp_xsa.xsa
TRACE::2021-12-04.20:33:52::SCWPlatform::DSA absoulate path C:/Users/andrew_clinkenbeard1/Box/SOC/Vitis_Workspace_hw5/hw_5/hw/temp_xsa.xsa
TRACE::2021-12-04.20:33:52::SCWPlatform::DSA directory C:/Users/andrew_clinkenbeard1/Box/SOC/Vitis_Workspace_hw5/hw_5/hw
TRACE::2021-12-04.20:33:52::SCWPlatform:: Platform Path C:/Users/andrew_clinkenbeard1/Box/SOC/Vitis_Workspace_hw5/hw_5/hw/temp_xsa.xsa
TRACE::2021-12-04.20:33:52::SCWPlatform:: Unique name xilinx:nexys4_ddr::0.0
TRACE::2021-12-04.20:33:52::SCWPlatform::Trying to set the existing hwdb with name mcs_top_vanilla_0
TRACE::2021-12-04.20:33:52::SCWPlatform::Opened existing hwdb mcs_top_vanilla_0
TRACE::2021-12-04.20:33:52::SCWPlatform::Found the Hw Db part of the input DSA
TRACE::2021-12-04.20:33:52::SCWMssOS::Checking the sw design at  C:/Users/andrew_clinkenbeard1/Box/SOC/Vitis_Workspace_hw5/hw_5/microblaze_I/standalone_domain/bsp/system.mss
TRACE::2021-12-04.20:33:52::SCWMssOS::DEBUG:  swdes dump  C:/Users/andrew_clinkenbeard1/Box/SOC/Vitis_Workspace_hw5/hw_5/microblaze_I/standalone_domain/bsp/system.mss|system||

TRACE::2021-12-04.20:33:52::SCWMssOS::Sw design exists and opened at  C:/Users/andrew_clinkenbeard1/Box/SOC/Vitis_Workspace_hw5/hw_5/microblaze_I/standalone_domain/bsp/system.mss
TRACE::2021-12-04.20:33:52::SCWPlatform::Trying to open the hw design at C:/Users/andrew_clinkenbeard1/Box/SOC/Vitis_Workspace_hw5/hw_5/hw/temp_xsa.xsa
TRACE::2021-12-04.20:33:52::SCWPlatform::DSA given C:/Users/andrew_clinkenbeard1/Box/SOC/Vitis_Workspace_hw5/hw_5/hw/temp_xsa.xsa
TRACE::2021-12-04.20:33:52::SCWPlatform::DSA absoulate path C:/Users/andrew_clinkenbeard1/Box/SOC/Vitis_Workspace_hw5/hw_5/hw/temp_xsa.xsa
TRACE::2021-12-04.20:33:52::SCWPlatform::DSA directory C:/Users/andrew_clinkenbeard1/Box/SOC/Vitis_Workspace_hw5/hw_5/hw
TRACE::2021-12-04.20:33:52::SCWPlatform:: Platform Path C:/Users/andrew_clinkenbeard1/Box/SOC/Vitis_Workspace_hw5/hw_5/hw/temp_xsa.xsa
TRACE::2021-12-04.20:33:52::SCWPlatform:: Unique name xilinx:nexys4_ddr::0.0
TRACE::2021-12-04.20:33:52::SCWPlatform::Trying to set the existing hwdb with name mcs_top_vanilla_0
TRACE::2021-12-04.20:33:52::SCWPlatform::Opened existing hwdb mcs_top_vanilla_0
TRACE::2021-12-04.20:33:52::SCWPlatform::Found the Hw Db part of the input DSA
TRACE::2021-12-04.20:33:52::SCWMssOS::Checking the sw design at  C:/Users/andrew_clinkenbeard1/Box/SOC/Vitis_Workspace_hw5/hw_5/microblaze_I/standalone_domain/bsp/system.mss
TRACE::2021-12-04.20:33:52::SCWMssOS::DEBUG:  swdes dump  C:/Users/andrew_clinkenbeard1/Box/SOC/Vitis_Workspace_hw5/hw_5/microblaze_I/standalone_domain/bsp/system.mss|system||

TRACE::2021-12-04.20:33:52::SCWMssOS::Sw design exists and opened at  C:/Users/andrew_clinkenbeard1/Box/SOC/Vitis_Workspace_hw5/hw_5/microblaze_I/standalone_domain/bsp/system.mss
TRACE::2021-12-04.20:33:52::SCWWriter::formatted JSON is {
	"platformName":	"hw_5",
	"sprVersion":	"2.0",
	"mode":	"gui",
	"dsaType":	"Fixed",
	"platformDesc":	"hw_5",
	"platHandOff":	"C:/Users/andrew_clinkenbeard1/Box/SOC/Basic_FPro2/temp_xsa.xsa",
	"platIntHandOff":	"<platformDir>/hw/temp_xsa.xsa",
	"deviceType":	"FPGA",
	"platIsPrebuiltAutogen":	"false",
	"platIsNoBootBsp":	"false",
	"hasFsblMakeHasChanges":	"false",
	"hasPmufwMakeHasChanges":	"false",
	"platPreBuiltFlag":	false,
	"platformSamplesDir":	"",
	"platActiveSys":	"hw_5",
	"systems":	[{
			"systemName":	"hw_5",
			"systemDesc":	"hw_5",
			"sysIsBootAutoGen":	"true",
			"systemDispName":	"hw_5",
			"sysActiveDom":	"standalone_domain",
			"sysDefaultDom":	"standalone_domain",
			"domains":	[{
					"domainName":	"standalone_domain",
					"domainDispName":	"standalone_domain",
					"domainDesc":	"standalone_domain",
					"processors":	"microblaze_I",
					"os":	"standalone",
					"sdxOs":	"standalone",
					"debugEnable":	"False",
					"domRuntimes":	["cpp"],
					"swRepo":	"",
					"mssOsVer":	"7.5",
					"mssFile":	"",
					"md5Digest":	"eba555455e071421aede40df93d1ae8e",
					"compatibleApp":	"",
					"domType":	"mssDomain",
					"arch":	"32-bit",
					"appSettings":	{
						"appCompilerFlags":	"",
						"appLinkerFlags":	""
					},
					"addedLibs":	[],
					"libOptions":	{
						"libsContainingOptions":	[]
					},
					"prebuiltLibs":	{
						"prebuiltIncPath":	[],
						"prebuiltLibPath":	[]
					},
					"isolation":	{
					}
				}]
		}]
}
KEYINFO::2021-12-04.20:33:52::SCWPlatform::updated the xpfm file.
TRACE::2021-12-04.20:33:53::SCWPlatform::Trying to open the hw design at C:/Users/andrew_clinkenbeard1/Box/SOC/Vitis_Workspace_hw5/hw_5/hw/temp_xsa.xsa
TRACE::2021-12-04.20:33:53::SCWPlatform::DSA given C:/Users/andrew_clinkenbeard1/Box/SOC/Vitis_Workspace_hw5/hw_5/hw/temp_xsa.xsa
TRACE::2021-12-04.20:33:53::SCWPlatform::DSA absoulate path C:/Users/andrew_clinkenbeard1/Box/SOC/Vitis_Workspace_hw5/hw_5/hw/temp_xsa.xsa
TRACE::2021-12-04.20:33:53::SCWPlatform::DSA directory C:/Users/andrew_clinkenbeard1/Box/SOC/Vitis_Workspace_hw5/hw_5/hw
TRACE::2021-12-04.20:33:53::SCWPlatform:: Platform Path C:/Users/andrew_clinkenbeard1/Box/SOC/Vitis_Workspace_hw5/hw_5/hw/temp_xsa.xsa
TRACE::2021-12-04.20:33:53::SCWPlatform:: Unique name xilinx:nexys4_ddr::0.0
TRACE::2021-12-04.20:33:53::SCWPlatform::Trying to set the existing hwdb with name mcs_top_vanilla_0
TRACE::2021-12-04.20:33:53::SCWPlatform::Opened existing hwdb mcs_top_vanilla_0
TRACE::2021-12-04.20:33:53::SCWPlatform::Found the Hw Db part of the input DSA
TRACE::2021-12-04.20:33:53::SCWMssOS::Checking the sw design at  C:/Users/andrew_clinkenbeard1/Box/SOC/Vitis_Workspace_hw5/hw_5/microblaze_I/standalone_domain/bsp/system.mss
TRACE::2021-12-04.20:33:53::SCWMssOS::DEBUG:  swdes dump  C:/Users/andrew_clinkenbeard1/Box/SOC/Vitis_Workspace_hw5/hw_5/microblaze_I/standalone_domain/bsp/system.mss|system||

TRACE::2021-12-04.20:33:53::SCWMssOS::Sw design exists and opened at  C:/Users/andrew_clinkenbeard1/Box/SOC/Vitis_Workspace_hw5/hw_5/microblaze_I/standalone_domain/bsp/system.mss
TRACE::2021-12-04.20:33:53::SCWMssOS::Saving the mss changes C:/Users/andrew_clinkenbeard1/Box/SOC/Vitis_Workspace_hw5/hw_5/microblaze_I/standalone_domain/bsp/system.mss
TRACE::2021-12-04.20:33:53::SCWMssOS::Found a swdesign opened with the mssfile.
TRACE::2021-12-04.20:33:53::SCWMssOS::Completed writemss as part of save.
TRACE::2021-12-04.20:33:53::SCWMssOS::Commit changes completed.
TRACE::2021-12-04.20:33:53::SCWPlatform::Trying to open the hw design at C:/Users/andrew_clinkenbeard1/Box/SOC/Vitis_Workspace_hw5/hw_5/hw/temp_xsa.xsa
TRACE::2021-12-04.20:33:53::SCWPlatform::DSA given C:/Users/andrew_clinkenbeard1/Box/SOC/Vitis_Workspace_hw5/hw_5/hw/temp_xsa.xsa
TRACE::2021-12-04.20:33:53::SCWPlatform::DSA absoulate path C:/Users/andrew_clinkenbeard1/Box/SOC/Vitis_Workspace_hw5/hw_5/hw/temp_xsa.xsa
TRACE::2021-12-04.20:33:53::SCWPlatform::DSA directory C:/Users/andrew_clinkenbeard1/Box/SOC/Vitis_Workspace_hw5/hw_5/hw
TRACE::2021-12-04.20:33:53::SCWPlatform:: Platform Path C:/Users/andrew_clinkenbeard1/Box/SOC/Vitis_Workspace_hw5/hw_5/hw/temp_xsa.xsa
TRACE::2021-12-04.20:33:53::SCWPlatform:: Unique name xilinx:nexys4_ddr::0.0
TRACE::2021-12-04.20:33:53::SCWPlatform::Trying to set the existing hwdb with name mcs_top_vanilla_0
TRACE::2021-12-04.20:33:53::SCWPlatform::Opened existing hwdb mcs_top_vanilla_0
TRACE::2021-12-04.20:33:53::SCWPlatform::Found the Hw Db part of the input DSA
TRACE::2021-12-04.20:33:53::SCWMssOS::Checking the sw design at  C:/Users/andrew_clinkenbeard1/Box/SOC/Vitis_Workspace_hw5/hw_5/microblaze_I/standalone_domain/bsp/system.mss
TRACE::2021-12-04.20:33:53::SCWMssOS::DEBUG:  swdes dump  C:/Users/andrew_clinkenbeard1/Box/SOC/Vitis_Workspace_hw5/hw_5/microblaze_I/standalone_domain/bsp/system.mss|system||

TRACE::2021-12-04.20:33:53::SCWMssOS::Sw design exists and opened at  C:/Users/andrew_clinkenbeard1/Box/SOC/Vitis_Workspace_hw5/hw_5/microblaze_I/standalone_domain/bsp/system.mss
TRACE::2021-12-04.20:33:53::SCWPlatform::Trying to open the hw design at C:/Users/andrew_clinkenbeard1/Box/SOC/Vitis_Workspace_hw5/hw_5/hw/temp_xsa.xsa
TRACE::2021-12-04.20:33:53::SCWPlatform::DSA given C:/Users/andrew_clinkenbeard1/Box/SOC/Vitis_Workspace_hw5/hw_5/hw/temp_xsa.xsa
TRACE::2021-12-04.20:33:53::SCWPlatform::DSA absoulate path C:/Users/andrew_clinkenbeard1/Box/SOC/Vitis_Workspace_hw5/hw_5/hw/temp_xsa.xsa
TRACE::2021-12-04.20:33:53::SCWPlatform::DSA directory C:/Users/andrew_clinkenbeard1/Box/SOC/Vitis_Workspace_hw5/hw_5/hw
TRACE::2021-12-04.20:33:53::SCWPlatform:: Platform Path C:/Users/andrew_clinkenbeard1/Box/SOC/Vitis_Workspace_hw5/hw_5/hw/temp_xsa.xsa
TRACE::2021-12-04.20:33:53::SCWPlatform:: Unique name xilinx:nexys4_ddr::0.0
TRACE::2021-12-04.20:33:53::SCWPlatform::Trying to set the existing hwdb with name mcs_top_vanilla_0
TRACE::2021-12-04.20:33:53::SCWPlatform::Opened existing hwdb mcs_top_vanilla_0
TRACE::2021-12-04.20:33:53::SCWPlatform::Found the Hw Db part of the input DSA
TRACE::2021-12-04.20:33:53::SCWMssOS::Checking the sw design at  C:/Users/andrew_clinkenbeard1/Box/SOC/Vitis_Workspace_hw5/hw_5/microblaze_I/standalone_domain/bsp/system.mss
TRACE::2021-12-04.20:33:53::SCWMssOS::DEBUG:  swdes dump  C:/Users/andrew_clinkenbeard1/Box/SOC/Vitis_Workspace_hw5/hw_5/microblaze_I/standalone_domain/bsp/system.mss|system||

TRACE::2021-12-04.20:33:53::SCWMssOS::Sw design exists and opened at  C:/Users/andrew_clinkenbeard1/Box/SOC/Vitis_Workspace_hw5/hw_5/microblaze_I/standalone_domain/bsp/system.mss
TRACE::2021-12-04.20:33:53::SCWPlatform::Trying to open the hw design at C:/Users/andrew_clinkenbeard1/Box/SOC/Vitis_Workspace_hw5/hw_5/hw/temp_xsa.xsa
TRACE::2021-12-04.20:33:53::SCWPlatform::DSA given C:/Users/andrew_clinkenbeard1/Box/SOC/Vitis_Workspace_hw5/hw_5/hw/temp_xsa.xsa
TRACE::2021-12-04.20:33:53::SCWPlatform::DSA absoulate path C:/Users/andrew_clinkenbeard1/Box/SOC/Vitis_Workspace_hw5/hw_5/hw/temp_xsa.xsa
TRACE::2021-12-04.20:33:53::SCWPlatform::DSA directory C:/Users/andrew_clinkenbeard1/Box/SOC/Vitis_Workspace_hw5/hw_5/hw
TRACE::2021-12-04.20:33:53::SCWPlatform:: Platform Path C:/Users/andrew_clinkenbeard1/Box/SOC/Vitis_Workspace_hw5/hw_5/hw/temp_xsa.xsa
TRACE::2021-12-04.20:33:53::SCWPlatform:: Unique name xilinx:nexys4_ddr::0.0
TRACE::2021-12-04.20:33:53::SCWPlatform::Trying to set the existing hwdb with name mcs_top_vanilla_0
TRACE::2021-12-04.20:33:53::SCWPlatform::Opened existing hwdb mcs_top_vanilla_0
TRACE::2021-12-04.20:33:53::SCWPlatform::Found the Hw Db part of the input DSA
TRACE::2021-12-04.20:33:53::SCWMssOS::Checking the sw design at  C:/Users/andrew_clinkenbeard1/Box/SOC/Vitis_Workspace_hw5/hw_5/microblaze_I/standalone_domain/bsp/system.mss
TRACE::2021-12-04.20:33:53::SCWMssOS::DEBUG:  swdes dump  C:/Users/andrew_clinkenbeard1/Box/SOC/Vitis_Workspace_hw5/hw_5/microblaze_I/standalone_domain/bsp/system.mss|system||

TRACE::2021-12-04.20:33:53::SCWMssOS::Sw design exists and opened at  C:/Users/andrew_clinkenbeard1/Box/SOC/Vitis_Workspace_hw5/hw_5/microblaze_I/standalone_domain/bsp/system.mss
TRACE::2021-12-04.20:33:53::SCWWriter::formatted JSON is {
	"platformName":	"hw_5",
	"sprVersion":	"2.0",
	"mode":	"gui",
	"dsaType":	"Fixed",
	"platformDesc":	"hw_5",
	"platHandOff":	"C:/Users/andrew_clinkenbeard1/Box/SOC/Basic_FPro2/temp_xsa.xsa",
	"platIntHandOff":	"<platformDir>/hw/temp_xsa.xsa",
	"deviceType":	"FPGA",
	"platIsPrebuiltAutogen":	"false",
	"platIsNoBootBsp":	"false",
	"hasFsblMakeHasChanges":	"false",
	"hasPmufwMakeHasChanges":	"false",
	"platPreBuiltFlag":	false,
	"platformSamplesDir":	"",
	"platActiveSys":	"hw_5",
	"systems":	[{
			"systemName":	"hw_5",
			"systemDesc":	"hw_5",
			"sysIsBootAutoGen":	"true",
			"systemDispName":	"hw_5",
			"sysActiveDom":	"standalone_domain",
			"sysDefaultDom":	"standalone_domain",
			"domains":	[{
					"domainName":	"standalone_domain",
					"domainDispName":	"standalone_domain",
					"domainDesc":	"standalone_domain",
					"processors":	"microblaze_I",
					"os":	"standalone",
					"sdxOs":	"standalone",
					"debugEnable":	"False",
					"domRuntimes":	["cpp"],
					"swRepo":	"",
					"mssOsVer":	"7.5",
					"mssFile":	"",
					"md5Digest":	"eba555455e071421aede40df93d1ae8e",
					"compatibleApp":	"",
					"domType":	"mssDomain",
					"arch":	"32-bit",
					"appSettings":	{
						"appCompilerFlags":	"",
						"appLinkerFlags":	""
					},
					"addedLibs":	[],
					"libOptions":	{
						"libsContainingOptions":	[]
					},
					"prebuiltLibs":	{
						"prebuiltIncPath":	[],
						"prebuiltLibPath":	[]
					},
					"isolation":	{
					}
				}]
		}]
}
TRACE::2021-12-04.20:33:53::SCWPlatform::Trying to open the hw design at C:/Users/andrew_clinkenbeard1/Box/SOC/Vitis_Workspace_hw5/hw_5/hw/temp_xsa.xsa
TRACE::2021-12-04.20:33:53::SCWPlatform::DSA given C:/Users/andrew_clinkenbeard1/Box/SOC/Vitis_Workspace_hw5/hw_5/hw/temp_xsa.xsa
TRACE::2021-12-04.20:33:53::SCWPlatform::DSA absoulate path C:/Users/andrew_clinkenbeard1/Box/SOC/Vitis_Workspace_hw5/hw_5/hw/temp_xsa.xsa
TRACE::2021-12-04.20:33:53::SCWPlatform::DSA directory C:/Users/andrew_clinkenbeard1/Box/SOC/Vitis_Workspace_hw5/hw_5/hw
TRACE::2021-12-04.20:33:54::SCWPlatform:: Platform Path C:/Users/andrew_clinkenbeard1/Box/SOC/Vitis_Workspace_hw5/hw_5/hw/temp_xsa.xsa
TRACE::2021-12-04.20:33:54::SCWPlatform:: Unique name xilinx:nexys4_ddr::0.0
TRACE::2021-12-04.20:33:54::SCWPlatform::Trying to set the existing hwdb with name mcs_top_vanilla_0
TRACE::2021-12-04.20:33:54::SCWPlatform::Opened existing hwdb mcs_top_vanilla_0
TRACE::2021-12-04.20:33:54::SCWPlatform::Found the Hw Db part of the input DSA
TRACE::2021-12-04.20:33:54::SCWMssOS::Checking the sw design at  C:/Users/andrew_clinkenbeard1/Box/SOC/Vitis_Workspace_hw5/hw_5/microblaze_I/standalone_domain/bsp/system.mss
TRACE::2021-12-04.20:33:54::SCWMssOS::DEBUG:  swdes dump  C:/Users/andrew_clinkenbeard1/Box/SOC/Vitis_Workspace_hw5/hw_5/microblaze_I/standalone_domain/bsp/system.mss|system||

TRACE::2021-12-04.20:33:54::SCWMssOS::Sw design exists and opened at  C:/Users/andrew_clinkenbeard1/Box/SOC/Vitis_Workspace_hw5/hw_5/microblaze_I/standalone_domain/bsp/system.mss
TRACE::2021-12-04.20:33:54::SCWPlatform::Trying to open the hw design at C:/Users/andrew_clinkenbeard1/Box/SOC/Vitis_Workspace_hw5/hw_5/hw/temp_xsa.xsa
TRACE::2021-12-04.20:33:54::SCWPlatform::DSA given C:/Users/andrew_clinkenbeard1/Box/SOC/Vitis_Workspace_hw5/hw_5/hw/temp_xsa.xsa
TRACE::2021-12-04.20:33:54::SCWPlatform::DSA absoulate path C:/Users/andrew_clinkenbeard1/Box/SOC/Vitis_Workspace_hw5/hw_5/hw/temp_xsa.xsa
TRACE::2021-12-04.20:33:54::SCWPlatform::DSA directory C:/Users/andrew_clinkenbeard1/Box/SOC/Vitis_Workspace_hw5/hw_5/hw
TRACE::2021-12-04.20:33:54::SCWPlatform:: Platform Path C:/Users/andrew_clinkenbeard1/Box/SOC/Vitis_Workspace_hw5/hw_5/hw/temp_xsa.xsa
TRACE::2021-12-04.20:33:54::SCWPlatform:: Unique name xilinx:nexys4_ddr::0.0
TRACE::2021-12-04.20:33:54::SCWPlatform::Trying to set the existing hwdb with name mcs_top_vanilla_0
TRACE::2021-12-04.20:33:54::SCWPlatform::Opened existing hwdb mcs_top_vanilla_0
TRACE::2021-12-04.20:33:54::SCWPlatform::Found the Hw Db part of the input DSA
TRACE::2021-12-04.20:33:54::SCWMssOS::Checking the sw design at  C:/Users/andrew_clinkenbeard1/Box/SOC/Vitis_Workspace_hw5/hw_5/microblaze_I/standalone_domain/bsp/system.mss
TRACE::2021-12-04.20:33:54::SCWMssOS::DEBUG:  swdes dump  C:/Users/andrew_clinkenbeard1/Box/SOC/Vitis_Workspace_hw5/hw_5/microblaze_I/standalone_domain/bsp/system.mss|system||

TRACE::2021-12-04.20:33:54::SCWMssOS::Sw design exists and opened at  C:/Users/andrew_clinkenbeard1/Box/SOC/Vitis_Workspace_hw5/hw_5/microblaze_I/standalone_domain/bsp/system.mss
TRACE::2021-12-04.20:33:54::SCWPlatform::Trying to open the hw design at C:/Users/andrew_clinkenbeard1/Box/SOC/Vitis_Workspace_hw5/hw_5/hw/temp_xsa.xsa
TRACE::2021-12-04.20:33:54::SCWPlatform::DSA given C:/Users/andrew_clinkenbeard1/Box/SOC/Vitis_Workspace_hw5/hw_5/hw/temp_xsa.xsa
TRACE::2021-12-04.20:33:54::SCWPlatform::DSA absoulate path C:/Users/andrew_clinkenbeard1/Box/SOC/Vitis_Workspace_hw5/hw_5/hw/temp_xsa.xsa
TRACE::2021-12-04.20:33:54::SCWPlatform::DSA directory C:/Users/andrew_clinkenbeard1/Box/SOC/Vitis_Workspace_hw5/hw_5/hw
TRACE::2021-12-04.20:33:54::SCWPlatform:: Platform Path C:/Users/andrew_clinkenbeard1/Box/SOC/Vitis_Workspace_hw5/hw_5/hw/temp_xsa.xsa
TRACE::2021-12-04.20:33:54::SCWPlatform:: Unique name xilinx:nexys4_ddr::0.0
TRACE::2021-12-04.20:33:54::SCWPlatform::Trying to set the existing hwdb with name mcs_top_vanilla_0
TRACE::2021-12-04.20:33:54::SCWPlatform::Opened existing hwdb mcs_top_vanilla_0
TRACE::2021-12-04.20:33:54::SCWPlatform::Found the Hw Db part of the input DSA
TRACE::2021-12-04.20:33:54::SCWMssOS::Checking the sw design at  C:/Users/andrew_clinkenbeard1/Box/SOC/Vitis_Workspace_hw5/hw_5/microblaze_I/standalone_domain/bsp/system.mss
TRACE::2021-12-04.20:33:54::SCWMssOS::DEBUG:  swdes dump  C:/Users/andrew_clinkenbeard1/Box/SOC/Vitis_Workspace_hw5/hw_5/microblaze_I/standalone_domain/bsp/system.mss|system||

TRACE::2021-12-04.20:33:54::SCWMssOS::Sw design exists and opened at  C:/Users/andrew_clinkenbeard1/Box/SOC/Vitis_Workspace_hw5/hw_5/microblaze_I/standalone_domain/bsp/system.mss
TRACE::2021-12-04.20:33:54::SCWMssOS::Saving the mss changes C:/Users/andrew_clinkenbeard1/Box/SOC/Vitis_Workspace_hw5/hw_5/microblaze_I/standalone_domain/bsp/system.mss
TRACE::2021-12-04.20:33:54::SCWMssOS::Found a swdesign opened with the mssfile.
TRACE::2021-12-04.20:33:54::SCWMssOS::Completed writemss as part of save.
TRACE::2021-12-04.20:33:54::SCWMssOS::Commit changes completed.
TRACE::2021-12-04.20:33:54::SCWPlatform::Trying to open the hw design at C:/Users/andrew_clinkenbeard1/Box/SOC/Vitis_Workspace_hw5/hw_5/hw/temp_xsa.xsa
TRACE::2021-12-04.20:33:54::SCWPlatform::DSA given C:/Users/andrew_clinkenbeard1/Box/SOC/Vitis_Workspace_hw5/hw_5/hw/temp_xsa.xsa
TRACE::2021-12-04.20:33:54::SCWPlatform::DSA absoulate path C:/Users/andrew_clinkenbeard1/Box/SOC/Vitis_Workspace_hw5/hw_5/hw/temp_xsa.xsa
TRACE::2021-12-04.20:33:54::SCWPlatform::DSA directory C:/Users/andrew_clinkenbeard1/Box/SOC/Vitis_Workspace_hw5/hw_5/hw
TRACE::2021-12-04.20:33:54::SCWPlatform:: Platform Path C:/Users/andrew_clinkenbeard1/Box/SOC/Vitis_Workspace_hw5/hw_5/hw/temp_xsa.xsa
TRACE::2021-12-04.20:33:54::SCWPlatform:: Unique name xilinx:nexys4_ddr::0.0
TRACE::2021-12-04.20:33:54::SCWPlatform::Trying to set the existing hwdb with name mcs_top_vanilla_0
TRACE::2021-12-04.20:33:54::SCWPlatform::Opened existing hwdb mcs_top_vanilla_0
TRACE::2021-12-04.20:33:54::SCWPlatform::Found the Hw Db part of the input DSA
TRACE::2021-12-04.20:33:54::SCWMssOS::Checking the sw design at  C:/Users/andrew_clinkenbeard1/Box/SOC/Vitis_Workspace_hw5/hw_5/microblaze_I/standalone_domain/bsp/system.mss
TRACE::2021-12-04.20:33:54::SCWMssOS::DEBUG:  swdes dump  C:/Users/andrew_clinkenbeard1/Box/SOC/Vitis_Workspace_hw5/hw_5/microblaze_I/standalone_domain/bsp/system.mss|system||

TRACE::2021-12-04.20:33:54::SCWMssOS::Sw design exists and opened at  C:/Users/andrew_clinkenbeard1/Box/SOC/Vitis_Workspace_hw5/hw_5/microblaze_I/standalone_domain/bsp/system.mss
TRACE::2021-12-04.20:33:54::SCWPlatform::Trying to open the hw design at C:/Users/andrew_clinkenbeard1/Box/SOC/Vitis_Workspace_hw5/hw_5/hw/temp_xsa.xsa
TRACE::2021-12-04.20:33:54::SCWPlatform::DSA given C:/Users/andrew_clinkenbeard1/Box/SOC/Vitis_Workspace_hw5/hw_5/hw/temp_xsa.xsa
TRACE::2021-12-04.20:33:54::SCWPlatform::DSA absoulate path C:/Users/andrew_clinkenbeard1/Box/SOC/Vitis_Workspace_hw5/hw_5/hw/temp_xsa.xsa
TRACE::2021-12-04.20:33:54::SCWPlatform::DSA directory C:/Users/andrew_clinkenbeard1/Box/SOC/Vitis_Workspace_hw5/hw_5/hw
TRACE::2021-12-04.20:33:54::SCWPlatform:: Platform Path C:/Users/andrew_clinkenbeard1/Box/SOC/Vitis_Workspace_hw5/hw_5/hw/temp_xsa.xsa
TRACE::2021-12-04.20:33:54::SCWPlatform:: Unique name xilinx:nexys4_ddr::0.0
TRACE::2021-12-04.20:33:54::SCWPlatform::Trying to set the existing hwdb with name mcs_top_vanilla_0
TRACE::2021-12-04.20:33:54::SCWPlatform::Opened existing hwdb mcs_top_vanilla_0
TRACE::2021-12-04.20:33:54::SCWPlatform::Found the Hw Db part of the input DSA
TRACE::2021-12-04.20:33:54::SCWMssOS::Checking the sw design at  C:/Users/andrew_clinkenbeard1/Box/SOC/Vitis_Workspace_hw5/hw_5/microblaze_I/standalone_domain/bsp/system.mss
TRACE::2021-12-04.20:33:54::SCWMssOS::DEBUG:  swdes dump  C:/Users/andrew_clinkenbeard1/Box/SOC/Vitis_Workspace_hw5/hw_5/microblaze_I/standalone_domain/bsp/system.mss|system||

TRACE::2021-12-04.20:33:54::SCWMssOS::Sw design exists and opened at  C:/Users/andrew_clinkenbeard1/Box/SOC/Vitis_Workspace_hw5/hw_5/microblaze_I/standalone_domain/bsp/system.mss
TRACE::2021-12-04.20:33:54::SCWPlatform::Trying to open the hw design at C:/Users/andrew_clinkenbeard1/Box/SOC/Vitis_Workspace_hw5/hw_5/hw/temp_xsa.xsa
TRACE::2021-12-04.20:33:54::SCWPlatform::DSA given C:/Users/andrew_clinkenbeard1/Box/SOC/Vitis_Workspace_hw5/hw_5/hw/temp_xsa.xsa
TRACE::2021-12-04.20:33:55::SCWPlatform::DSA absoulate path C:/Users/andrew_clinkenbeard1/Box/SOC/Vitis_Workspace_hw5/hw_5/hw/temp_xsa.xsa
TRACE::2021-12-04.20:33:55::SCWPlatform::DSA directory C:/Users/andrew_clinkenbeard1/Box/SOC/Vitis_Workspace_hw5/hw_5/hw
TRACE::2021-12-04.20:33:55::SCWPlatform:: Platform Path C:/Users/andrew_clinkenbeard1/Box/SOC/Vitis_Workspace_hw5/hw_5/hw/temp_xsa.xsa
TRACE::2021-12-04.20:33:55::SCWPlatform:: Unique name xilinx:nexys4_ddr::0.0
TRACE::2021-12-04.20:33:55::SCWPlatform::Trying to set the existing hwdb with name mcs_top_vanilla_0
TRACE::2021-12-04.20:33:55::SCWPlatform::Opened existing hwdb mcs_top_vanilla_0
TRACE::2021-12-04.20:33:55::SCWPlatform::Found the Hw Db part of the input DSA
TRACE::2021-12-04.20:33:55::SCWMssOS::Checking the sw design at  C:/Users/andrew_clinkenbeard1/Box/SOC/Vitis_Workspace_hw5/hw_5/microblaze_I/standalone_domain/bsp/system.mss
TRACE::2021-12-04.20:33:55::SCWMssOS::DEBUG:  swdes dump  C:/Users/andrew_clinkenbeard1/Box/SOC/Vitis_Workspace_hw5/hw_5/microblaze_I/standalone_domain/bsp/system.mss|system||

TRACE::2021-12-04.20:33:55::SCWMssOS::Sw design exists and opened at  C:/Users/andrew_clinkenbeard1/Box/SOC/Vitis_Workspace_hw5/hw_5/microblaze_I/standalone_domain/bsp/system.mss
TRACE::2021-12-04.20:33:55::SCWWriter::formatted JSON is {
	"platformName":	"hw_5",
	"sprVersion":	"2.0",
	"mode":	"gui",
	"dsaType":	"Fixed",
	"platformDesc":	"hw_5",
	"platHandOff":	"C:/Users/andrew_clinkenbeard1/Box/SOC/Basic_FPro2/temp_xsa.xsa",
	"platIntHandOff":	"<platformDir>/hw/temp_xsa.xsa",
	"deviceType":	"FPGA",
	"platIsPrebuiltAutogen":	"false",
	"platIsNoBootBsp":	"false",
	"hasFsblMakeHasChanges":	"false",
	"hasPmufwMakeHasChanges":	"false",
	"platPreBuiltFlag":	false,
	"platformSamplesDir":	"",
	"platActiveSys":	"hw_5",
	"systems":	[{
			"systemName":	"hw_5",
			"systemDesc":	"hw_5",
			"sysIsBootAutoGen":	"true",
			"systemDispName":	"hw_5",
			"sysActiveDom":	"standalone_domain",
			"sysDefaultDom":	"standalone_domain",
			"domains":	[{
					"domainName":	"standalone_domain",
					"domainDispName":	"standalone on microblaze_I",
					"domainDesc":	"standalone_domain",
					"processors":	"microblaze_I",
					"os":	"standalone",
					"sdxOs":	"standalone",
					"debugEnable":	"False",
					"domRuntimes":	["cpp"],
					"swRepo":	"",
					"mssOsVer":	"7.5",
					"mssFile":	"",
					"md5Digest":	"eba555455e071421aede40df93d1ae8e",
					"compatibleApp":	"",
					"domType":	"mssDomain",
					"arch":	"32-bit",
					"appSettings":	{
						"appCompilerFlags":	"",
						"appLinkerFlags":	""
					},
					"addedLibs":	[],
					"libOptions":	{
						"libsContainingOptions":	[]
					},
					"prebuiltLibs":	{
						"prebuiltIncPath":	[],
						"prebuiltLibPath":	[]
					},
					"isolation":	{
					}
				}]
		}]
}
TRACE::2021-12-04.20:33:55::SCWMssOS::Saving the mss changes C:/Users/andrew_clinkenbeard1/Box/SOC/Vitis_Workspace_hw5/hw_5/microblaze_I/standalone_domain/bsp/system.mss
TRACE::2021-12-04.20:33:55::SCWMssOS::Found a swdesign opened with the mssfile.
TRACE::2021-12-04.20:33:55::SCWMssOS::Completed writemss as part of save.
TRACE::2021-12-04.20:33:55::SCWMssOS::Commit changes completed.
TRACE::2021-12-04.20:33:55::SCWPlatform::Trying to open the hw design at C:/Users/andrew_clinkenbeard1/Box/SOC/Vitis_Workspace_hw5/hw_5/hw/temp_xsa.xsa
TRACE::2021-12-04.20:33:55::SCWPlatform::DSA given C:/Users/andrew_clinkenbeard1/Box/SOC/Vitis_Workspace_hw5/hw_5/hw/temp_xsa.xsa
TRACE::2021-12-04.20:33:55::SCWPlatform::DSA absoulate path C:/Users/andrew_clinkenbeard1/Box/SOC/Vitis_Workspace_hw5/hw_5/hw/temp_xsa.xsa
TRACE::2021-12-04.20:33:55::SCWPlatform::DSA directory C:/Users/andrew_clinkenbeard1/Box/SOC/Vitis_Workspace_hw5/hw_5/hw
TRACE::2021-12-04.20:33:55::SCWPlatform:: Platform Path C:/Users/andrew_clinkenbeard1/Box/SOC/Vitis_Workspace_hw5/hw_5/hw/temp_xsa.xsa
TRACE::2021-12-04.20:33:55::SCWPlatform:: Unique name xilinx:nexys4_ddr::0.0
TRACE::2021-12-04.20:33:55::SCWPlatform::Trying to set the existing hwdb with name mcs_top_vanilla_0
TRACE::2021-12-04.20:33:55::SCWPlatform::Opened existing hwdb mcs_top_vanilla_0
TRACE::2021-12-04.20:33:55::SCWPlatform::Found the Hw Db part of the input DSA
TRACE::2021-12-04.20:33:55::SCWMssOS::Checking the sw design at  C:/Users/andrew_clinkenbeard1/Box/SOC/Vitis_Workspace_hw5/hw_5/microblaze_I/standalone_domain/bsp/system.mss
TRACE::2021-12-04.20:33:55::SCWMssOS::DEBUG:  swdes dump  C:/Users/andrew_clinkenbeard1/Box/SOC/Vitis_Workspace_hw5/hw_5/microblaze_I/standalone_domain/bsp/system.mss|system||

TRACE::2021-12-04.20:33:55::SCWMssOS::Sw design exists and opened at  C:/Users/andrew_clinkenbeard1/Box/SOC/Vitis_Workspace_hw5/hw_5/microblaze_I/standalone_domain/bsp/system.mss
TRACE::2021-12-04.20:33:55::SCWPlatform::Trying to open the hw design at C:/Users/andrew_clinkenbeard1/Box/SOC/Vitis_Workspace_hw5/hw_5/hw/temp_xsa.xsa
TRACE::2021-12-04.20:33:55::SCWPlatform::DSA given C:/Users/andrew_clinkenbeard1/Box/SOC/Vitis_Workspace_hw5/hw_5/hw/temp_xsa.xsa
TRACE::2021-12-04.20:33:55::SCWPlatform::DSA absoulate path C:/Users/andrew_clinkenbeard1/Box/SOC/Vitis_Workspace_hw5/hw_5/hw/temp_xsa.xsa
TRACE::2021-12-04.20:33:55::SCWPlatform::DSA directory C:/Users/andrew_clinkenbeard1/Box/SOC/Vitis_Workspace_hw5/hw_5/hw
TRACE::2021-12-04.20:33:55::SCWPlatform:: Platform Path C:/Users/andrew_clinkenbeard1/Box/SOC/Vitis_Workspace_hw5/hw_5/hw/temp_xsa.xsa
TRACE::2021-12-04.20:33:55::SCWPlatform:: Unique name xilinx:nexys4_ddr::0.0
TRACE::2021-12-04.20:33:55::SCWPlatform::Trying to set the existing hwdb with name mcs_top_vanilla_0
TRACE::2021-12-04.20:33:55::SCWPlatform::Opened existing hwdb mcs_top_vanilla_0
TRACE::2021-12-04.20:33:55::SCWPlatform::Found the Hw Db part of the input DSA
TRACE::2021-12-04.20:33:55::SCWMssOS::Checking the sw design at  C:/Users/andrew_clinkenbeard1/Box/SOC/Vitis_Workspace_hw5/hw_5/microblaze_I/standalone_domain/bsp/system.mss
TRACE::2021-12-04.20:33:55::SCWMssOS::DEBUG:  swdes dump  C:/Users/andrew_clinkenbeard1/Box/SOC/Vitis_Workspace_hw5/hw_5/microblaze_I/standalone_domain/bsp/system.mss|system||

TRACE::2021-12-04.20:33:55::SCWMssOS::Sw design exists and opened at  C:/Users/andrew_clinkenbeard1/Box/SOC/Vitis_Workspace_hw5/hw_5/microblaze_I/standalone_domain/bsp/system.mss
TRACE::2021-12-04.20:33:55::SCWPlatform::Trying to open the hw design at C:/Users/andrew_clinkenbeard1/Box/SOC/Vitis_Workspace_hw5/hw_5/hw/temp_xsa.xsa
TRACE::2021-12-04.20:33:55::SCWPlatform::DSA given C:/Users/andrew_clinkenbeard1/Box/SOC/Vitis_Workspace_hw5/hw_5/hw/temp_xsa.xsa
TRACE::2021-12-04.20:33:55::SCWPlatform::DSA absoulate path C:/Users/andrew_clinkenbeard1/Box/SOC/Vitis_Workspace_hw5/hw_5/hw/temp_xsa.xsa
TRACE::2021-12-04.20:33:55::SCWPlatform::DSA directory C:/Users/andrew_clinkenbeard1/Box/SOC/Vitis_Workspace_hw5/hw_5/hw
TRACE::2021-12-04.20:33:55::SCWPlatform:: Platform Path C:/Users/andrew_clinkenbeard1/Box/SOC/Vitis_Workspace_hw5/hw_5/hw/temp_xsa.xsa
TRACE::2021-12-04.20:33:55::SCWPlatform:: Unique name xilinx:nexys4_ddr::0.0
TRACE::2021-12-04.20:33:55::SCWPlatform::Trying to set the existing hwdb with name mcs_top_vanilla_0
TRACE::2021-12-04.20:33:55::SCWPlatform::Opened existing hwdb mcs_top_vanilla_0
TRACE::2021-12-04.20:33:55::SCWPlatform::Found the Hw Db part of the input DSA
TRACE::2021-12-04.20:33:55::SCWMssOS::Checking the sw design at  C:/Users/andrew_clinkenbeard1/Box/SOC/Vitis_Workspace_hw5/hw_5/microblaze_I/standalone_domain/bsp/system.mss
TRACE::2021-12-04.20:33:55::SCWMssOS::DEBUG:  swdes dump  C:/Users/andrew_clinkenbeard1/Box/SOC/Vitis_Workspace_hw5/hw_5/microblaze_I/standalone_domain/bsp/system.mss|system||

TRACE::2021-12-04.20:33:55::SCWMssOS::Sw design exists and opened at  C:/Users/andrew_clinkenbeard1/Box/SOC/Vitis_Workspace_hw5/hw_5/microblaze_I/standalone_domain/bsp/system.mss
TRACE::2021-12-04.20:33:55::SCWWriter::formatted JSON is {
	"platformName":	"hw_5",
	"sprVersion":	"2.0",
	"mode":	"gui",
	"dsaType":	"Fixed",
	"platformDesc":	"hw_5",
	"platHandOff":	"C:/Users/andrew_clinkenbeard1/Box/SOC/Basic_FPro2/temp_xsa.xsa",
	"platIntHandOff":	"<platformDir>/hw/temp_xsa.xsa",
	"deviceType":	"FPGA",
	"platIsPrebuiltAutogen":	"false",
	"platIsNoBootBsp":	"false",
	"hasFsblMakeHasChanges":	"false",
	"hasPmufwMakeHasChanges":	"false",
	"platPreBuiltFlag":	false,
	"platformSamplesDir":	"",
	"platActiveSys":	"hw_5",
	"systems":	[{
			"systemName":	"hw_5",
			"systemDesc":	"hw_5",
			"sysIsBootAutoGen":	"true",
			"systemDispName":	"hw_5",
			"sysActiveDom":	"standalone_domain",
			"sysDefaultDom":	"standalone_domain",
			"domains":	[{
					"domainName":	"standalone_domain",
					"domainDispName":	"standalone on microblaze_I",
					"domainDesc":	"standalone_domain",
					"processors":	"microblaze_I",
					"os":	"standalone",
					"sdxOs":	"standalone",
					"debugEnable":	"False",
					"domRuntimes":	["cpp"],
					"swRepo":	"",
					"mssOsVer":	"7.5",
					"mssFile":	"",
					"md5Digest":	"eba555455e071421aede40df93d1ae8e",
					"compatibleApp":	"",
					"domType":	"mssDomain",
					"arch":	"32-bit",
					"appSettings":	{
						"appCompilerFlags":	"",
						"appLinkerFlags":	""
					},
					"addedLibs":	[],
					"libOptions":	{
						"libsContainingOptions":	[]
					},
					"prebuiltLibs":	{
						"prebuiltIncPath":	[],
						"prebuiltLibPath":	[]
					},
					"isolation":	{
					}
				}]
		}]
}
TRACE::2021-12-04.20:33:57::SCWPlatform::Clearing the existing platform
TRACE::2021-12-04.20:33:57::SCWSystem::Clearing the existing sysconfig
TRACE::2021-12-04.20:33:57::SCWMssOS::Removing the swdes entry for  C:/Users/andrew_clinkenbeard1/Box/SOC/Vitis_Workspace_hw5/hw_5/microblaze_I/standalone_domain/bsp/system.mss
TRACE::2021-12-04.20:33:57::SCWSystem::Clearing the domains completed.
TRACE::2021-12-04.20:33:57::SCWPlatform::Clearing the opened hw db.
TRACE::2021-12-04.20:33:57::SCWPlatform::DSA given C:/Users/andrew_clinkenbeard1/Box/SOC/Vitis_Workspace_hw5/hw_5/hw/temp_xsa.xsa
TRACE::2021-12-04.20:33:57::SCWPlatform::DSA absoulate path C:/Users/andrew_clinkenbeard1/Box/SOC/Vitis_Workspace_hw5/hw_5/hw/temp_xsa.xsa
TRACE::2021-12-04.20:33:57::SCWPlatform:: Platform location is C:/Users/andrew_clinkenbeard1/Box/SOC/Vitis_Workspace_hw5/hw_5/hw
TRACE::2021-12-04.20:33:57::SCWPlatform:: Platform Path C:/Users/andrew_clinkenbeard1/Box/SOC/Vitis_Workspace_hw5/hw_5/hw/temp_xsa.xsa
TRACE::2021-12-04.20:33:57::SCWPlatform:: Unique name xilinx:nexys4_ddr::0.0
TRACE::2021-12-04.20:33:57::SCWPlatform::Removing the HwDB with name C:/Users/andrew_clinkenbeard1/Box/SOC/Vitis_Workspace_hw5/hw_5/hw/temp_xsa.xsa
TRACE::2021-12-04.20:33:57::SCWPlatform::Trying to open the hw design at C:/Users/andrew_clinkenbeard1/Box/SOC/Vitis_Workspace_hw5/hw_5/hw/temp_xsa.xsa
TRACE::2021-12-04.20:33:57::SCWPlatform::DSA given C:/Users/andrew_clinkenbeard1/Box/SOC/Vitis_Workspace_hw5/hw_5/hw/temp_xsa.xsa
TRACE::2021-12-04.20:33:57::SCWPlatform::DSA absoulate path C:/Users/andrew_clinkenbeard1/Box/SOC/Vitis_Workspace_hw5/hw_5/hw/temp_xsa.xsa
TRACE::2021-12-04.20:33:57::SCWPlatform::DSA directory C:/Users/andrew_clinkenbeard1/Box/SOC/Vitis_Workspace_hw5/hw_5/hw
TRACE::2021-12-04.20:33:57::SCWPlatform:: Platform Path C:/Users/andrew_clinkenbeard1/Box/SOC/Vitis_Workspace_hw5/hw_5/hw/temp_xsa.xsa
TRACE::2021-12-04.20:33:57::SCWPlatform:: Unique name xilinx:nexys4_ddr::0.0
TRACE::2021-12-04.20:33:57::SCWPlatform::Do not have an existing db opened. 
TRACE::2021-12-04.20:33:57::SCWPlatform::Opened new HwDB with name mcs_top_vanilla_1
TRACE::2021-12-04.20:33:57::SCWReader::Active system found as  hw_5
TRACE::2021-12-04.20:33:57::SCWReader::Handling sysconfig hw_5
TRACE::2021-12-04.20:33:57::SCWDomain::checking for install qemu data   : 
TRACE::2021-12-04.20:33:57::SCWPlatform::Trying to open the hw design at C:/Users/andrew_clinkenbeard1/Box/SOC/Vitis_Workspace_hw5/hw_5/hw/temp_xsa.xsa
TRACE::2021-12-04.20:33:57::SCWPlatform::DSA given C:/Users/andrew_clinkenbeard1/Box/SOC/Vitis_Workspace_hw5/hw_5/hw/temp_xsa.xsa
TRACE::2021-12-04.20:33:57::SCWPlatform::DSA absoulate path C:/Users/andrew_clinkenbeard1/Box/SOC/Vitis_Workspace_hw5/hw_5/hw/temp_xsa.xsa
TRACE::2021-12-04.20:33:57::SCWPlatform::DSA directory C:/Users/andrew_clinkenbeard1/Box/SOC/Vitis_Workspace_hw5/hw_5/hw
TRACE::2021-12-04.20:33:58::SCWPlatform:: Platform Path C:/Users/andrew_clinkenbeard1/Box/SOC/Vitis_Workspace_hw5/hw_5/hw/temp_xsa.xsa
TRACE::2021-12-04.20:33:58::SCWPlatform:: Unique name xilinx:nexys4_ddr::0.0
TRACE::2021-12-04.20:33:58::SCWPlatform::Trying to set the existing hwdb with name mcs_top_vanilla_1
TRACE::2021-12-04.20:33:58::SCWPlatform::Opened existing hwdb mcs_top_vanilla_1
TRACE::2021-12-04.20:33:58::SCWPlatform::Found the Hw Db part of the input DSA
TRACE::2021-12-04.20:33:58::SCWPlatform::Trying to open the hw design at C:/Users/andrew_clinkenbeard1/Box/SOC/Vitis_Workspace_hw5/hw_5/hw/temp_xsa.xsa
TRACE::2021-12-04.20:33:58::SCWPlatform::DSA given C:/Users/andrew_clinkenbeard1/Box/SOC/Vitis_Workspace_hw5/hw_5/hw/temp_xsa.xsa
TRACE::2021-12-04.20:33:58::SCWPlatform::DSA absoulate path C:/Users/andrew_clinkenbeard1/Box/SOC/Vitis_Workspace_hw5/hw_5/hw/temp_xsa.xsa
TRACE::2021-12-04.20:33:58::SCWPlatform::DSA directory C:/Users/andrew_clinkenbeard1/Box/SOC/Vitis_Workspace_hw5/hw_5/hw
TRACE::2021-12-04.20:33:58::SCWPlatform:: Platform Path C:/Users/andrew_clinkenbeard1/Box/SOC/Vitis_Workspace_hw5/hw_5/hw/temp_xsa.xsa
TRACE::2021-12-04.20:33:58::SCWPlatform:: Unique name xilinx:nexys4_ddr::0.0
TRACE::2021-12-04.20:33:58::SCWPlatform::Trying to set the existing hwdb with name mcs_top_vanilla_1
TRACE::2021-12-04.20:33:58::SCWPlatform::Opened existing hwdb mcs_top_vanilla_1
TRACE::2021-12-04.20:33:58::SCWPlatform::Found the Hw Db part of the input DSA
TRACE::2021-12-04.20:33:58::SCWPlatform::Trying to open the hw design at C:/Users/andrew_clinkenbeard1/Box/SOC/Vitis_Workspace_hw5/hw_5/hw/temp_xsa.xsa
TRACE::2021-12-04.20:33:58::SCWPlatform::DSA given C:/Users/andrew_clinkenbeard1/Box/SOC/Vitis_Workspace_hw5/hw_5/hw/temp_xsa.xsa
TRACE::2021-12-04.20:33:58::SCWPlatform::DSA absoulate path C:/Users/andrew_clinkenbeard1/Box/SOC/Vitis_Workspace_hw5/hw_5/hw/temp_xsa.xsa
TRACE::2021-12-04.20:33:58::SCWPlatform::DSA directory C:/Users/andrew_clinkenbeard1/Box/SOC/Vitis_Workspace_hw5/hw_5/hw
TRACE::2021-12-04.20:33:58::SCWPlatform:: Platform Path C:/Users/andrew_clinkenbeard1/Box/SOC/Vitis_Workspace_hw5/hw_5/hw/temp_xsa.xsa
TRACE::2021-12-04.20:33:58::SCWPlatform:: Unique name xilinx:nexys4_ddr::0.0
TRACE::2021-12-04.20:33:58::SCWPlatform::Trying to set the existing hwdb with name mcs_top_vanilla_1
TRACE::2021-12-04.20:33:58::SCWPlatform::Opened existing hwdb mcs_top_vanilla_1
TRACE::2021-12-04.20:33:58::SCWPlatform::Found the Hw Db part of the input DSA
TRACE::2021-12-04.20:33:58::SCWPlatform::Trying to open the hw design at C:/Users/andrew_clinkenbeard1/Box/SOC/Vitis_Workspace_hw5/hw_5/hw/temp_xsa.xsa
TRACE::2021-12-04.20:33:58::SCWPlatform::DSA given C:/Users/andrew_clinkenbeard1/Box/SOC/Vitis_Workspace_hw5/hw_5/hw/temp_xsa.xsa
TRACE::2021-12-04.20:33:58::SCWPlatform::DSA absoulate path C:/Users/andrew_clinkenbeard1/Box/SOC/Vitis_Workspace_hw5/hw_5/hw/temp_xsa.xsa
TRACE::2021-12-04.20:33:58::SCWPlatform::DSA directory C:/Users/andrew_clinkenbeard1/Box/SOC/Vitis_Workspace_hw5/hw_5/hw
TRACE::2021-12-04.20:33:58::SCWPlatform:: Platform Path C:/Users/andrew_clinkenbeard1/Box/SOC/Vitis_Workspace_hw5/hw_5/hw/temp_xsa.xsa
TRACE::2021-12-04.20:33:58::SCWPlatform:: Unique name xilinx:nexys4_ddr::0.0
TRACE::2021-12-04.20:33:58::SCWPlatform::Trying to set the existing hwdb with name mcs_top_vanilla_1
TRACE::2021-12-04.20:33:58::SCWPlatform::Opened existing hwdb mcs_top_vanilla_1
TRACE::2021-12-04.20:33:58::SCWPlatform::Found the Hw Db part of the input DSA
TRACE::2021-12-04.20:33:58::SCWMssOS::Checking the sw design at  C:/Users/andrew_clinkenbeard1/Box/SOC/Vitis_Workspace_hw5/hw_5/microblaze_I/standalone_domain/bsp/system.mss
TRACE::2021-12-04.20:33:58::SCWMssOS::DEBUG:  swdes dump  
TRACE::2021-12-04.20:33:58::SCWMssOS::No sw design opened at  C:/Users/andrew_clinkenbeard1/Box/SOC/Vitis_Workspace_hw5/hw_5/microblaze_I/standalone_domain/bsp/system.mss
TRACE::2021-12-04.20:33:58::SCWMssOS::mss exists loading the mss file  C:/Users/andrew_clinkenbeard1/Box/SOC/Vitis_Workspace_hw5/hw_5/microblaze_I/standalone_domain/bsp/system.mss
TRACE::2021-12-04.20:33:58::SCWMssOS::Opened the sw design from mss  C:/Users/andrew_clinkenbeard1/Box/SOC/Vitis_Workspace_hw5/hw_5/microblaze_I/standalone_domain/bsp/system.mss
TRACE::2021-12-04.20:33:58::SCWMssOS::Adding the swdes entry C:/Users/andrew_clinkenbeard1/Box/SOC/Vitis_Workspace_hw5/hw_5/microblaze_I/standalone_domain/bsp/system.mss with des name system
TRACE::2021-12-04.20:33:58::SCWMssOS::updating the scw layer about changes
TRACE::2021-12-04.20:33:58::SCWMssOS::Opened the sw design.  C:/Users/andrew_clinkenbeard1/Box/SOC/Vitis_Workspace_hw5/hw_5/microblaze_I/standalone_domain/bsp/system.mss
TRACE::2021-12-04.20:33:58::SCWMssOS::Saving the mss changes C:/Users/andrew_clinkenbeard1/Box/SOC/Vitis_Workspace_hw5/hw_5/microblaze_I/standalone_domain/bsp/system.mss
TRACE::2021-12-04.20:33:58::SCWMssOS::Found a swdesign opened with the mssfile.
TRACE::2021-12-04.20:33:58::SCWMssOS::Completed writemss as part of save.
TRACE::2021-12-04.20:33:58::SCWMssOS::Commit changes completed.
TRACE::2021-12-04.20:33:58::SCWReader::Adding prebuilt librarypaths as   
TRACE::2021-12-04.20:33:58::SCWReader::Adding prebuilt incpaths  as   
TRACE::2021-12-04.20:33:58::SCWPlatform::Trying to open the hw design at C:/Users/andrew_clinkenbeard1/Box/SOC/Vitis_Workspace_hw5/hw_5/hw/temp_xsa.xsa
TRACE::2021-12-04.20:33:58::SCWPlatform::DSA given C:/Users/andrew_clinkenbeard1/Box/SOC/Vitis_Workspace_hw5/hw_5/hw/temp_xsa.xsa
TRACE::2021-12-04.20:33:58::SCWPlatform::DSA absoulate path C:/Users/andrew_clinkenbeard1/Box/SOC/Vitis_Workspace_hw5/hw_5/hw/temp_xsa.xsa
TRACE::2021-12-04.20:33:58::SCWPlatform::DSA directory C:/Users/andrew_clinkenbeard1/Box/SOC/Vitis_Workspace_hw5/hw_5/hw
TRACE::2021-12-04.20:33:58::SCWPlatform:: Platform Path C:/Users/andrew_clinkenbeard1/Box/SOC/Vitis_Workspace_hw5/hw_5/hw/temp_xsa.xsa
TRACE::2021-12-04.20:33:58::SCWPlatform:: Unique name xilinx:nexys4_ddr::0.0
TRACE::2021-12-04.20:33:58::SCWPlatform::Trying to set the existing hwdb with name mcs_top_vanilla_1
TRACE::2021-12-04.20:33:58::SCWPlatform::Opened existing hwdb mcs_top_vanilla_1
TRACE::2021-12-04.20:33:58::SCWPlatform::Found the Hw Db part of the input DSA
TRACE::2021-12-04.20:33:58::SCWMssOS::Checking the sw design at  C:/Users/andrew_clinkenbeard1/Box/SOC/Vitis_Workspace_hw5/hw_5/microblaze_I/standalone_domain/bsp/system.mss
TRACE::2021-12-04.20:33:59::SCWMssOS::DEBUG:  swdes dump  C:/Users/andrew_clinkenbeard1/Box/SOC/Vitis_Workspace_hw5/hw_5/microblaze_I/standalone_domain/bsp/system.mss|system||

TRACE::2021-12-04.20:33:59::SCWMssOS::Sw design exists and opened at  C:/Users/andrew_clinkenbeard1/Box/SOC/Vitis_Workspace_hw5/hw_5/microblaze_I/standalone_domain/bsp/system.mss
TRACE::2021-12-04.20:33:59::SCWReader::No isolation master present  
LOG::2021-12-04.20:34:08::SCWPlatform::Started generating the artifacts platform hw_5
TRACE::2021-12-04.20:34:08::SCWPlatform::Sanity checking of platform is completed
LOG::2021-12-04.20:34:09::SCWPlatform::Started generating the artifacts for system configuration hw_5
LOG::2021-12-04.20:34:09::SCWSystem::Checking the domain standalone_domain
LOG::2021-12-04.20:34:09::SCWSystem::Not a boot domain 
LOG::2021-12-04.20:34:09::SCWSystem::Started Processing the domain standalone_domain
TRACE::2021-12-04.20:34:09::SCWDomain::Generating domain artifcats
TRACE::2021-12-04.20:34:09::SCWMssOS::Generating standalone artifcats
TRACE::2021-12-04.20:34:09::SCWMssOS:: Copying the user libraries. 
TRACE::2021-12-04.20:34:09::SCWPlatform::Trying to open the hw design at C:/Users/andrew_clinkenbeard1/Box/SOC/Vitis_Workspace_hw5/hw_5/hw/temp_xsa.xsa
TRACE::2021-12-04.20:34:09::SCWPlatform::DSA given C:/Users/andrew_clinkenbeard1/Box/SOC/Vitis_Workspace_hw5/hw_5/hw/temp_xsa.xsa
TRACE::2021-12-04.20:34:09::SCWPlatform::DSA absoulate path C:/Users/andrew_clinkenbeard1/Box/SOC/Vitis_Workspace_hw5/hw_5/hw/temp_xsa.xsa
TRACE::2021-12-04.20:34:09::SCWPlatform::DSA directory C:/Users/andrew_clinkenbeard1/Box/SOC/Vitis_Workspace_hw5/hw_5/hw
TRACE::2021-12-04.20:34:09::SCWPlatform:: Platform Path C:/Users/andrew_clinkenbeard1/Box/SOC/Vitis_Workspace_hw5/hw_5/hw/temp_xsa.xsa
TRACE::2021-12-04.20:34:09::SCWPlatform:: Unique name xilinx:nexys4_ddr::0.0
TRACE::2021-12-04.20:34:09::SCWPlatform::Trying to set the existing hwdb with name mcs_top_vanilla_1
TRACE::2021-12-04.20:34:09::SCWPlatform::Opened existing hwdb mcs_top_vanilla_1
TRACE::2021-12-04.20:34:09::SCWPlatform::Found the Hw Db part of the input DSA
TRACE::2021-12-04.20:34:09::SCWMssOS::Checking the sw design at  C:/Users/andrew_clinkenbeard1/Box/SOC/Vitis_Workspace_hw5/hw_5/microblaze_I/standalone_domain/bsp/system.mss
TRACE::2021-12-04.20:34:09::SCWMssOS::DEBUG:  swdes dump  C:/Users/andrew_clinkenbeard1/Box/SOC/Vitis_Workspace_hw5/hw_5/microblaze_I/standalone_domain/bsp/system.mss|system||

TRACE::2021-12-04.20:34:09::SCWMssOS::Sw design exists and opened at  C:/Users/andrew_clinkenbeard1/Box/SOC/Vitis_Workspace_hw5/hw_5/microblaze_I/standalone_domain/bsp/system.mss
TRACE::2021-12-04.20:34:09::SCWMssOS::Completed writing the mss file at C:/Users/andrew_clinkenbeard1/Box/SOC/Vitis_Workspace_hw5/hw_5/microblaze_I/standalone_domain/bsp
TRACE::2021-12-04.20:34:09::SCWMssOS::Mss edits present, copying mssfile into export location C:/Users/andrew_clinkenbeard1/Box/SOC/Vitis_Workspace_hw5/hw_5/microblaze_I/standalone_domain/bsp/system.mss
TRACE::2021-12-04.20:34:09::SCWMssOS::bsp generated is upto date with the mss file. Skipping bsp generation.
TRACE::2021-12-04.20:34:09::SCWMssOS::BSP is already built. skipping the bsp build ... 
TRACE::2021-12-04.20:34:09::SCWDomain::Building the domain as part of full build :  standalone_domain
TRACE::2021-12-04.20:34:09::SCWMssOS::doing bsp build ... 
TRACE::2021-12-04.20:34:09::SCWMssOS::System Command Ran  C: & cd  C:/Users/andrew_clinkenbeard1/Box/SOC/Vitis_Workspace_hw5/hw_5/microblaze_I/standalone_domain/bsp & make 
TRACE::2021-12-04.20:34:09::SCWMssOS::make --no-print-directory seq_libs

TRACE::2021-12-04.20:34:10::SCWMssOS::'Finished building libraries sequentially.'

TRACE::2021-12-04.20:34:10::SCWMssOS::make -j 6 --no-print-directory par_libs

TRACE::2021-12-04.20:34:10::SCWMssOS::"Running Make include in microblaze_I/libsrc/bram_v4_6/src"

TRACE::2021-12-04.20:34:10::SCWMssOS::make -C microblaze_I/libsrc/bram_v4_6/src -s include  "SHELL=CMD" "COMPILER=mb-gcc" "ASSEMBLER=mb-as" "ARCHIVER=mb-ar" "COMPILE
TRACE::2021-12-04.20:34:10::SCWMssOS::R_FLAGS=  -O2 -c -mcpu=v11.0 -mlittle-endian -mno-xl-reorder -mxl-soft-mul" "EXTRA_COMPILER_FLAGS=-g -ffunction-sections -fdata
TRACE::2021-12-04.20:34:10::SCWMssOS::-sections -Wall -Wextra -fno-tree-loop-distribute-patterns"

TRACE::2021-12-04.20:34:10::SCWMssOS::"Running Make include in microblaze_I/libsrc/cpu_v2_13/src"

TRACE::2021-12-04.20:34:10::SCWMssOS::make -C microblaze_I/libsrc/cpu_v2_13/src -s include  "SHELL=CMD" "COMPILER=mb-gcc" "ASSEMBLER=mb-as" "ARCHIVER=mb-ar" "COMPILE
TRACE::2021-12-04.20:34:10::SCWMssOS::R_FLAGS=  -O2 -c -mcpu=v11.0 -mlittle-endian -mno-xl-reorder -mxl-soft-mul" "EXTRA_COMPILER_FLAGS=-g -ffunction-sections -fdata
TRACE::2021-12-04.20:34:10::SCWMssOS::-sections -Wall -Wextra -fno-tree-loop-distribute-patterns"

TRACE::2021-12-04.20:34:10::SCWMssOS::"Running Make include in microblaze_I/libsrc/iomodule_v2_11/src"

TRACE::2021-12-04.20:34:10::SCWMssOS::make -C microblaze_I/libsrc/iomodule_v2_11/src -s include  "SHELL=CMD" "COMPILER=mb-gcc" "ASSEMBLER=mb-as" "ARCHIVER=mb-ar" "CO
TRACE::2021-12-04.20:34:10::SCWMssOS::MPILER_FLAGS=  -O2 -c -mcpu=v11.0 -mlittle-endian -mno-xl-reorder -mxl-soft-mul" "EXTRA_COMPILER_FLAGS=-g -ffunction-sections -
TRACE::2021-12-04.20:34:10::SCWMssOS::fdata-sections -Wall -Wextra -fno-tree-loop-distribute-patterns"

TRACE::2021-12-04.20:34:10::SCWMssOS::"Running Make include in microblaze_I/libsrc/standalone_v7_5/src"

TRACE::2021-12-04.20:34:10::SCWMssOS::make -C microblaze_I/libsrc/standalone_v7_5/src -s include  "SHELL=CMD" "COMPILER=mb-gcc" "ASSEMBLER=mb-as" "ARCHIVER=mb-ar" "C
TRACE::2021-12-04.20:34:10::SCWMssOS::OMPILER_FLAGS=  -O2 -c -mcpu=v11.0 -mlittle-endian -mno-xl-reorder -mxl-soft-mul" "EXTRA_COMPILER_FLAGS=-g -ffunction-sections 
TRACE::2021-12-04.20:34:10::SCWMssOS::-fdata-sections -Wall -Wextra -fno-tree-loop-distribute-patterns"

TRACE::2021-12-04.20:34:12::SCWMssOS::"Running Make libs in microblaze_I/libsrc/bram_v4_6/src"

TRACE::2021-12-04.20:34:12::SCWMssOS::"Running Make libs in microblaze_I/libsrc/cpu_v2_13/src"

TRACE::2021-12-04.20:34:12::SCWMssOS::make -C microblaze_I/libsrc/bram_v4_6/src -s libs  "SHELL=CMD" "COMPILER=mb-gcc" "ASSEMBLER=mb-as" "ARCHIVER=mb-ar" "COMPILER_F
TRACE::2021-12-04.20:34:12::SCWMssOS::LAGS=  -O2 -c -mcpu=v11.0 -mlittle-endian -mno-xl-reorder -mxl-soft-mul" "EXTRA_COMPILER_FLAGS=-g -ffunction-sections -fdata-se
TRACE::2021-12-04.20:34:12::SCWMssOS::ctions -Wall -Wextra -fno-tree-loop-distribute-patterns"

TRACE::2021-12-04.20:34:12::SCWMssOS::make -C microblaze_I/libsrc/cpu_v2_13/src -s libs  "SHELL=CMD" "COMPILER=mb-gcc" "ASSEMBLER=mb-as" "ARCHIVER=mb-ar" "COMPILER_F
TRACE::2021-12-04.20:34:12::SCWMssOS::LAGS=  -O2 -c -mcpu=v11.0 -mlittle-endian -mno-xl-reorder -mxl-soft-mul" "EXTRA_COMPILER_FLAGS=-g -ffunction-sections -fdata-se
TRACE::2021-12-04.20:34:12::SCWMssOS::ctions -Wall -Wextra -fno-tree-loop-distribute-patterns"

TRACE::2021-12-04.20:34:12::SCWMssOS::"Running Make libs in microblaze_I/libsrc/iomodule_v2_11/src"

TRACE::2021-12-04.20:34:12::SCWMssOS::make -C microblaze_I/libsrc/iomodule_v2_11/src -s libs  "SHELL=CMD" "COMPILER=mb-gcc" "ASSEMBLER=mb-as" "ARCHIVER=mb-ar" "COMPI
TRACE::2021-12-04.20:34:12::SCWMssOS::LER_FLAGS=  -O2 -c -mcpu=v11.0 -mlittle-endian -mno-xl-reorder -mxl-soft-mul" "EXTRA_COMPILER_FLAGS=-g -ffunction-sections -fda
TRACE::2021-12-04.20:34:12::SCWMssOS::ta-sections -Wall -Wextra -fno-tree-loop-distribute-patterns"

TRACE::2021-12-04.20:34:12::SCWMssOS::"Running Make libs in microblaze_I/libsrc/standalone_v7_5/src"

TRACE::2021-12-04.20:34:12::SCWMssOS::make -C microblaze_I/libsrc/standalone_v7_5/src -s libs  "SHELL=CMD" "COMPILER=mb-gcc" "ASSEMBLER=mb-as" "ARCHIVER=mb-ar" "COMP
TRACE::2021-12-04.20:34:12::SCWMssOS::ILER_FLAGS=  -O2 -c -mcpu=v11.0 -mlittle-endian -mno-xl-reorder -mxl-soft-mul" "EXTRA_COMPILER_FLAGS=-g -ffunction-sections -fd
TRACE::2021-12-04.20:34:12::SCWMssOS::ata-sections -Wall -Wextra -fno-tree-loop-distribute-patterns"

TRACE::2021-12-04.20:34:18::SCWMssOS::"DEBUG NON_LTO_OBJECTS is ../../../lib/microblaze_interrupt_handler.o"

TRACE::2021-12-04.20:34:18::SCWMssOS::'Finished building libraries parallelly.'

TRACE::2021-12-04.20:34:18::SCWMssOS::make --no-print-directory archive

TRACE::2021-12-04.20:34:18::SCWMssOS::mb-ar -r  microblaze_I/lib/libxil.a microblaze_I/lib/xplatform_info.o microblaze_I/lib/microblaze_disable_exceptions.o microbla
TRACE::2021-12-04.20:34:18::SCWMssOS::ze_I/lib/print.o microblaze_I/lib/_exit.o microblaze_I/lib/xil_testio.o microblaze_I/lib/microblaze_disable_dcache.o microblaze
TRACE::2021-12-04.20:34:18::SCWMssOS::_I/lib/microblaze_flush_dcache_range.o microblaze_I/lib/microblaze_flush_cache_ext.o microblaze_I/lib/xbram_sinit.o microblaze_
TRACE::2021-12-04.20:34:18::SCWMssOS::I/lib/xil_misc_psreset_api.o microblaze_I/lib/xil_cache.o microblaze_I/lib/inbyte.o microblaze_I/lib/xbram_g.o microblaze_I/lib
TRACE::2021-12-04.20:34:18::SCWMssOS::/xiomodule_intr.o microblaze_I/lib/xiomodule_options.o microblaze_I/lib/microblaze_exception_handler.o microblaze_I/lib/microbl
TRACE::2021-12-04.20:34:18::SCWMssOS::aze_scrub.o microblaze_I/lib/microblaze_invalidate_dcache.o microblaze_I/lib/microblaze_disable_interrupts.o microblaze_I/lib/x
TRACE::2021-12-04.20:34:19::SCWMssOS::bram_selftest.o microblaze_I/lib/microblaze_interrupt_handler.o microblaze_I/lib/xiomodule_l.o microblaze_I/lib/microblaze_disa
TRACE::2021-12-04.20:34:19::SCWMssOS::ble_icache.o microblaze_I/lib/xil_clocking.o microblaze_I/lib/xil_mem.o microblaze_I/lib/xiomodule.o microblaze_I/lib/microblaz
TRACE::2021-12-04.20:34:19::SCWMssOS::e_flush_cache_ext_range.o microblaze_I/lib/xbram_intr.o microblaze_I/lib/xil_sleepcommon.o microblaze_I/lib/xil_printf.o microb
TRACE::2021-12-04.20:34:19::SCWMssOS::laze_I/lib/xio.o microblaze_I/lib/xiomodule_extra.o microblaze_I/lib/outbyte.o microblaze_I/lib/microblaze_invalidate_dcache_ra
TRACE::2021-12-04.20:34:19::SCWMssOS::nge.o microblaze_I/lib/microblaze_invalidate_cache_ext.o microblaze_I/lib/microblaze_sleep.o microblaze_I/lib/hw_exception_hand
TRACE::2021-12-04.20:34:19::SCWMssOS::ler.o microblaze_I/lib/xiomodule_stats.o microblaze_I/lib/xil_util.o microblaze_I/lib/microblaze_update_dcache.o microblaze_I/l
TRACE::2021-12-04.20:34:19::SCWMssOS::ib/xil_testcache.o microblaze_I/lib/microblaze_selftest.o microblaze_I/lib/microblaze_interrupts_g.o microblaze_I/lib/microblaz
TRACE::2021-12-04.20:34:19::SCWMssOS::e_enable_exceptions.o microblaze_I/lib/xiomodule_uart_intr.o microblaze_I/lib/microblaze_enable_dcache.o microblaze_I/lib/xbram
TRACE::2021-12-04.20:34:19::SCWMssOS::.o microblaze_I/lib/microblaze_invalidate_icache_range.o microblaze_I/lib/microblaze_init_dcache_range.o microblaze_I/lib/micro
TRACE::2021-12-04.20:34:19::SCWMssOS::blaze_invalidate_icache.o microblaze_I/lib/errno.o microblaze_I/lib/xiomodule_uart.o microblaze_I/lib/microblaze_invalidate_cac
TRACE::2021-12-04.20:34:19::SCWMssOS::he_ext_range.o microblaze_I/lib/xil_exception.o microblaze_I/lib/pvr.o microblaze_I/lib/xil_testmem.o microblaze_I/lib/microbla
TRACE::2021-12-04.20:34:19::SCWMssOS::ze_update_icache.o microblaze_I/lib/microblaze_flush_dcache.o microblaze_I/lib/xiomodule_g.o microblaze_I/lib/xil_assert.o micr
TRACE::2021-12-04.20:34:19::SCWMssOS::oblaze_I/lib/microblaze_enable_interrupts.o microblaze_I/lib/microblaze_enable_icache.o microblaze_I/lib/xiomodule_selftest.o m
TRACE::2021-12-04.20:34:19::SCWMssOS::icroblaze_I/lib/fcntl.o microblaze_I/lib/microblaze_init_icache_range.o

TRACE::2021-12-04.20:34:19::SCWMssOS::'Finished building libraries'

TRACE::2021-12-04.20:34:23::SCWMssOS::Copying to export directory.
TRACE::2021-12-04.20:34:30::SCWMssOS:: Checking if to create the Supporting Applications
TRACE::2021-12-04.20:34:30::SCWMssOS:: No Linux domain exists, trying to generate FSBL 
LOG::2021-12-04.20:34:30::SCWSystem::Completed Processing the domain standalone_domain
LOG::2021-12-04.20:34:30::SCWSystem::Completed Processing the sysconfig hw_5
LOG::2021-12-04.20:34:30::SCWPlatform::Completed generating the artifacts for system configuration hw_5
TRACE::2021-12-04.20:34:30::SCWPlatform::Started preparing the platform 
TRACE::2021-12-04.20:34:30::SCWSystem::Writing the bif file for system config hw_5
TRACE::2021-12-04.20:34:30::SCWSystem::dir created 
TRACE::2021-12-04.20:34:30::SCWSystem::Writing the bif 
TRACE::2021-12-04.20:34:30::SCWPlatform::Started writing the spfm file 
TRACE::2021-12-04.20:34:30::SCWPlatform::Started writing the xpfm file 
TRACE::2021-12-04.20:34:30::SCWPlatform::Completed generating the platform
TRACE::2021-12-04.20:34:30::SCWMssOS::Saving the mss changes C:/Users/andrew_clinkenbeard1/Box/SOC/Vitis_Workspace_hw5/hw_5/microblaze_I/standalone_domain/bsp/system.mss
TRACE::2021-12-04.20:34:30::SCWMssOS::Found a swdesign opened with the mssfile.
TRACE::2021-12-04.20:34:30::SCWMssOS::Completed writemss as part of save.
TRACE::2021-12-04.20:34:30::SCWMssOS::Commit changes completed.
TRACE::2021-12-04.20:34:30::SCWPlatform::Trying to open the hw design at C:/Users/andrew_clinkenbeard1/Box/SOC/Vitis_Workspace_hw5/hw_5/hw/temp_xsa.xsa
TRACE::2021-12-04.20:34:30::SCWPlatform::DSA given C:/Users/andrew_clinkenbeard1/Box/SOC/Vitis_Workspace_hw5/hw_5/hw/temp_xsa.xsa
TRACE::2021-12-04.20:34:30::SCWPlatform::DSA absoulate path C:/Users/andrew_clinkenbeard1/Box/SOC/Vitis_Workspace_hw5/hw_5/hw/temp_xsa.xsa
TRACE::2021-12-04.20:34:30::SCWPlatform::DSA directory C:/Users/andrew_clinkenbeard1/Box/SOC/Vitis_Workspace_hw5/hw_5/hw
TRACE::2021-12-04.20:34:30::SCWPlatform:: Platform Path C:/Users/andrew_clinkenbeard1/Box/SOC/Vitis_Workspace_hw5/hw_5/hw/temp_xsa.xsa
TRACE::2021-12-04.20:34:30::SCWPlatform:: Unique name xilinx:nexys4_ddr::0.0
TRACE::2021-12-04.20:34:30::SCWPlatform::Trying to set the existing hwdb with name mcs_top_vanilla_1
TRACE::2021-12-04.20:34:30::SCWPlatform::Opened existing hwdb mcs_top_vanilla_1
TRACE::2021-12-04.20:34:30::SCWPlatform::Found the Hw Db part of the input DSA
TRACE::2021-12-04.20:34:30::SCWMssOS::Checking the sw design at  C:/Users/andrew_clinkenbeard1/Box/SOC/Vitis_Workspace_hw5/hw_5/microblaze_I/standalone_domain/bsp/system.mss
TRACE::2021-12-04.20:34:30::SCWMssOS::DEBUG:  swdes dump  C:/Users/andrew_clinkenbeard1/Box/SOC/Vitis_Workspace_hw5/hw_5/microblaze_I/standalone_domain/bsp/system.mss|system||

TRACE::2021-12-04.20:34:30::SCWMssOS::Sw design exists and opened at  C:/Users/andrew_clinkenbeard1/Box/SOC/Vitis_Workspace_hw5/hw_5/microblaze_I/standalone_domain/bsp/system.mss
TRACE::2021-12-04.20:34:30::SCWWriter::formatted JSON is {
	"platformName":	"hw_5",
	"sprVersion":	"2.0",
	"mode":	"gui",
	"dsaType":	"Fixed",
	"platformDesc":	"hw_5",
	"platHandOff":	"C:/Users/andrew_clinkenbeard1/Box/SOC/Basic_FPro2/temp_xsa.xsa",
	"platIntHandOff":	"<platformDir>/hw/temp_xsa.xsa",
	"deviceType":	"FPGA",
	"platIsPrebuiltAutogen":	"false",
	"platIsNoBootBsp":	"false",
	"hasFsblMakeHasChanges":	"false",
	"hasPmufwMakeHasChanges":	"false",
	"platPreBuiltFlag":	false,
	"platformSamplesDir":	"",
	"platActiveSys":	"hw_5",
	"systems":	[{
			"systemName":	"hw_5",
			"systemDesc":	"hw_5",
			"sysIsBootAutoGen":	"true",
			"systemDispName":	"hw_5",
			"sysActiveDom":	"standalone_domain",
			"sysDefaultDom":	"standalone_domain",
			"domains":	[{
					"domainName":	"standalone_domain",
					"domainDispName":	"standalone on microblaze_I",
					"domainDesc":	"standalone_domain",
					"processors":	"microblaze_I",
					"os":	"standalone",
					"sdxOs":	"standalone",
					"debugEnable":	"False",
					"domRuntimes":	["cpp"],
					"swRepo":	"",
					"mssOsVer":	"7.5",
					"mssFile":	"",
					"md5Digest":	"eba555455e071421aede40df93d1ae8e",
					"compatibleApp":	"",
					"domType":	"mssDomain",
					"arch":	"32-bit",
					"appSettings":	{
						"appCompilerFlags":	"",
						"appLinkerFlags":	""
					},
					"addedLibs":	[],
					"libOptions":	{
						"libsContainingOptions":	[]
					},
					"prebuiltLibs":	{
						"prebuiltIncPath":	[],
						"prebuiltLibPath":	[]
					},
					"isolation":	{
					}
				}]
		}]
}
KEYINFO::2021-12-04.20:34:30::SCWPlatform::updated the xpfm file.
TRACE::2021-12-04.20:34:31::SCWPlatform::Trying to open the hw design at C:/Users/andrew_clinkenbeard1/Box/SOC/Vitis_Workspace_hw5/hw_5/hw/temp_xsa.xsa
TRACE::2021-12-04.20:34:31::SCWPlatform::DSA given C:/Users/andrew_clinkenbeard1/Box/SOC/Vitis_Workspace_hw5/hw_5/hw/temp_xsa.xsa
TRACE::2021-12-04.20:34:31::SCWPlatform::DSA absoulate path C:/Users/andrew_clinkenbeard1/Box/SOC/Vitis_Workspace_hw5/hw_5/hw/temp_xsa.xsa
TRACE::2021-12-04.20:34:31::SCWPlatform::DSA directory C:/Users/andrew_clinkenbeard1/Box/SOC/Vitis_Workspace_hw5/hw_5/hw
TRACE::2021-12-04.20:34:31::SCWPlatform:: Platform Path C:/Users/andrew_clinkenbeard1/Box/SOC/Vitis_Workspace_hw5/hw_5/hw/temp_xsa.xsa
TRACE::2021-12-04.20:34:31::SCWPlatform:: Unique name xilinx:nexys4_ddr::0.0
TRACE::2021-12-04.20:34:31::SCWPlatform::Trying to set the existing hwdb with name mcs_top_vanilla_1
TRACE::2021-12-04.20:34:31::SCWPlatform::Opened existing hwdb mcs_top_vanilla_1
TRACE::2021-12-04.20:34:31::SCWPlatform::Found the Hw Db part of the input DSA
TRACE::2021-12-04.20:34:31::SCWMssOS::Checking the sw design at  C:/Users/andrew_clinkenbeard1/Box/SOC/Vitis_Workspace_hw5/hw_5/microblaze_I/standalone_domain/bsp/system.mss
TRACE::2021-12-04.20:34:31::SCWMssOS::DEBUG:  swdes dump  C:/Users/andrew_clinkenbeard1/Box/SOC/Vitis_Workspace_hw5/hw_5/microblaze_I/standalone_domain/bsp/system.mss|system||

TRACE::2021-12-04.20:34:31::SCWMssOS::Sw design exists and opened at  C:/Users/andrew_clinkenbeard1/Box/SOC/Vitis_Workspace_hw5/hw_5/microblaze_I/standalone_domain/bsp/system.mss
