#-----------------------------------------------------------
# Vivado v2021.1 (64-bit)
# SW Build 3247384 on Thu Jun 10 19:36:33 MDT 2021
# IP Build 3246043 on Fri Jun 11 00:30:35 MDT 2021
# Start of session at: Sat Nov 13 12:43:11 2021
# Process ID: 3956
# Current directory: C:/Users/andrew_clinkenbeard1/Box/SOC/Basic_FPro2
# Command line: vivado.exe -gui_launcher_event rodinguilauncherevent10236 C:\Users\andrew_clinkenbeard1\Box\SOC\Basic_FPro2\Basic_FPro2.xpr
# Log file: C:/Users/andrew_clinkenbeard1/Box/SOC/Basic_FPro2/vivado.log
# Journal file: C:/Users/andrew_clinkenbeard1/Box/SOC/Basic_FPro2\vivado.jou
#-----------------------------------------------------------
start_gui
open_project C:/Users/andrew_clinkenbeard1/Box/SOC/Basic_FPro2/Basic_FPro2.xpr
CRITICAL WARNING: [Project 1-19] Could not find the file 'C:/Users/andrew_clinkenbeard1/Box/SOC/Basic_FPro2/Basic_FPro2.srcs/sources_1/ip/xadc_fpro/xadc_fpro.xci'.
CRITICAL WARNING: [Project 1-19] Could not find the file 'C:/Users/andrew_clinkenbeard1/Box/SOC/Basic_FPro2/Basic_FPro2.srcs/sources_1/ip/cpu_1/cpu.xci'.
CRITICAL WARNING: [Project 1-19] Could not find the file 'C:/Users/andrew_clinkenbeard1/Box/SOC/fpga_mcs_sv_src/fpga_mcs_sv_src/hdl/mmio/uart/baud_gen.sv'.
CRITICAL WARNING: [Project 1-19] Could not find the file 'C:/Users/andrew_clinkenbeard1/Box/SOC/Basic_FPro2/Basic_FPro2.srcs/sources_1/imports/mmio/debounce/chu_debounce_core.sv'.
CRITICAL WARNING: [Project 1-19] Could not find the file 'C:/Users/andrew_clinkenbeard1/Box/SOC/fpga_mcs_sv_src/fpga_mcs_sv_src/hdl/mmio/mmio_basic/chu_gpi.sv'.
CRITICAL WARNING: [Project 1-19] Could not find the file 'C:/Users/andrew_clinkenbeard1/Box/SOC/Basic_FPro2/Basic_FPro2.srcs/sources_1/imports/pwm/chu_io_pwm_core.sv'.
CRITICAL WARNING: [Project 1-19] Could not find the file 'C:/Users/andrew_clinkenbeard1/Box/SOC/fpga_mcs_sv_src/fpga_mcs_sv_src/hdl/sys/bridge/chu_mcs_bridge.sv'.
CRITICAL WARNING: [Project 1-19] Could not find the file 'C:/Users/andrew_clinkenbeard1/Box/SOC/Basic_FPro2/Basic_FPro2.srcs/sources_1/imports/xadc/chu_xadc_core.sv'.
CRITICAL WARNING: [Project 1-19] Could not find the file 'C:/Users/andrew_clinkenbeard1/Box/SOC/fpga_mcs_sv_src/fpga_mcs_sv_src/hdl/mmio/mmio_support/fifo/fifo.sv'.
CRITICAL WARNING: [Project 1-19] Could not find the file 'C:/Users/andrew_clinkenbeard1/Box/SOC/Basic_FPro2/Basic_FPro2.srcs/sources_1/new/hw3.sv'.
CRITICAL WARNING: [Project 1-19] Could not find the file 'C:/Users/andrew_clinkenbeard1/Box/SOC/fpga_mcs_sv_src/fpga_mcs_sv_src/hdl/sys/subsys/mmio_sys_vanilla.sv'.
CRITICAL WARNING: [Project 1-19] Could not find the file 'C:/Users/andrew_clinkenbeard1/Box/SOC/fpga_mcs_sv_src/fpga_mcs_sv_src/hdl/sys/top/mcs_top_vanilla.sv'.
CRITICAL WARNING: [Project 1-19] Could not find the file 'C:/Users/andrew_clinkenbeard1/Box/SOC/Basic_FPro2/Basic_FPro2.srcs/constrs_1/imports/SOC/Nexys4_DDR_chu.xdc'.
Scanning sources...
Finished scanning sources
INFO: [IP_Flow 19-234] Refreshing IP repositories
INFO: [IP_Flow 19-1704] No user IP repositories specified
INFO: [IP_Flow 19-2313] Loaded Vivado IP repository 'C:/XilinxVitis/Vivado/2021.1/data/ip'.
INFO: [Device 21-403] Loading part xc7a100tcsg324-1
WARNING: [IP_Flow 19-3664] IP 'bd_3914_microblaze_I_0' generated file not found 'c:/Users/andrew_clinkenbeard1/Box/SOC/Basic_FPro2/Basic_FPro2.gen/sources_1/ip/cpu_1/bd_0/ip/ip_0/data/mb_bootloop_le.elf'. Please regenerate to continue.
WARNING: [IP_Flow 19-3664] IP 'bd_3914_microblaze_I_0' generated file not found 'c:/Users/andrew_clinkenbeard1/Box/SOC/Basic_FPro2/Basic_FPro2.gen/sources_1/ip/cpu_1/bd_0/ip/ip_0/hdl/microblaze_v11_0_vh_rfs.vhd'. Please regenerate to continue.
WARNING: [IP_Flow 19-3664] IP 'bd_3914_microblaze_I_0' generated file not found 'c:/Users/andrew_clinkenbeard1/Box/SOC/Basic_FPro2/Basic_FPro2.gen/sources_1/ip/cpu_1/bd_0/ip/ip_0/synth/bd_3914_microblaze_I_0.vhd'. Please regenerate to continue.
WARNING: [IP_Flow 19-3664] IP 'bd_3914_microblaze_I_0' generated file not found 'c:/Users/andrew_clinkenbeard1/Box/SOC/Basic_FPro2/Basic_FPro2.gen/sources_1/ip/cpu_1/bd_0/ip/ip_0/data/mb_bootloop_le.elf'. Please regenerate to continue.
WARNING: [IP_Flow 19-3664] IP 'bd_3914_microblaze_I_0' generated file not found 'c:/Users/andrew_clinkenbeard1/Box/SOC/Basic_FPro2/Basic_FPro2.gen/sources_1/ip/cpu_1/bd_0/ip/ip_0/hdl/microblaze_v11_0_vh_rfs.vhd'. Please regenerate to continue.
WARNING: [IP_Flow 19-3664] IP 'bd_3914_microblaze_I_0' generated file not found 'c:/Users/andrew_clinkenbeard1/Box/SOC/Basic_FPro2/Basic_FPro2.gen/sources_1/ip/cpu_1/bd_0/ip/ip_0/sim/bd_3914_microblaze_I_0.vhd'. Please regenerate to continue.
open_project: Time (s): cpu = 00:00:18 ; elapsed = 00:02:15 . Memory (MB): peak = 1508.289 ; gain = 194.270
update_compile_order -fileset sources_1
reset_run synth_1
launch_runs impl_1 -to_step write_bitstream -jobs 6
INFO: [IP_Flow 19-1686] Generating 'Synthesis' target for IP 'xadc_fpro'...
[Sat Nov 13 12:48:48 2021] Launched synth_1...
Run output will be captured here: C:/Users/andrew_clinkenbeard1/Box/SOC/Basic_FPro2/Basic_FPro2.runs/synth_1/runme.log
[Sat Nov 13 12:48:48 2021] Launched impl_1...
Run output will be captured here: C:/Users/andrew_clinkenbeard1/Box/SOC/Basic_FPro2/Basic_FPro2.runs/impl_1/runme.log
launch_runs: Time (s): cpu = 00:00:01 ; elapsed = 00:00:05 . Memory (MB): peak = 1517.539 ; gain = 2.996
INFO: [Vivado 12-8231] Launching Vitis
INFO: [Vivado 12-417] Running vitis
INFO: [Vivado 12-8232] Vitis launch initiated. Please check console for any further messages.
open_run impl_1
Netlist sorting complete. Time (s): cpu = 00:00:00 ; elapsed = 00:00:00.130 . Memory (MB): peak = 1553.711 ; gain = 0.000
INFO: [Netlist 29-17] Analyzing 335 Unisim elements for replacement
INFO: [Netlist 29-28] Unisim Transformation completed in 0 CPU seconds
INFO: [Project 1-479] Netlist was created with Vivado 2021.1
INFO: [Project 1-570] Preparing netlist for logic optimization
INFO: [Timing 38-478] Restoring timing data from binary archive.
INFO: [Timing 38-479] Binary timing data restore complete.
INFO: [Project 1-856] Restoring constraints from binary archive.
INFO: [Project 1-853] Binary constraint restore complete.
Reading XDEF placement.
Reading placer database...
Reading XDEF routing.
Read XDEF File: Time (s): cpu = 00:00:00 ; elapsed = 00:00:00.287 . Memory (MB): peak = 2250.305 ; gain = 0.000
Restored from archive | CPU: 0.000000 secs | Memory: 0.000000 MB |
Finished XDEF File Restore: Time (s): cpu = 00:00:00 ; elapsed = 00:00:00.288 . Memory (MB): peak = 2250.305 ; gain = 0.000
Generating merged BMM file for the design top 'mcs_top_vanilla'...
INFO: [Memdata 28-144] Successfully populated the BRAM INIT strings from the following elf files: c:/Users/andrew_clinkenbeard1/Box/SOC/Basic_FPro2/Basic_FPro2.gen/sources_1/ip/cpu_1/bd_0/ip/ip_0/data/mb_bootloop_le.elf 
Netlist sorting complete. Time (s): cpu = 00:00:00 ; elapsed = 00:00:00.006 . Memory (MB): peak = 2250.305 ; gain = 0.000
INFO: [Project 1-111] Unisim Transformation Summary:
  A total of 167 instances were transformed.
  LUT6_2 => LUT6_2 (LUT5, LUT6): 79 instances
  RAM32X1D => RAM32X1D (RAMD32(x2)): 64 instances
  RAM64M => RAM64M (RAMD64E(x4)): 24 instances

open_run: Time (s): cpu = 00:00:21 ; elapsed = 00:00:15 . Memory (MB): peak = 2372.051 ; gain = 818.340
exit
INFO: [Common 17-206] Exiting Vivado at Sat Nov 13 13:05:48 2021...
